#
# A fatal error has been detected by the Java Runtime Environment:
#
#  Internal Error (t:/workspace/open/src/hotspot/share/oops/generateOopMap.cpp:2162), pid=17016, tid=4440
#  fatal error: Illegal class file encountered. Try running with -Xverify:all in method main
#
# JRE version: Java(TM) SE Runtime Environment (10.0.1+10) (build 10.0.1+10)
# Java VM: Java HotSpot(TM) 64-Bit Server VM (10.0.1+10, mixed mode, tiered, compressed oops, g1 gc, windows-amd64)
# No core dump will be written. Minidumps are not enabled by default on client versions of Windows
#
# If you would like to submit a bug report, please visit:
#   http://bugreport.java.com/bugreport/crash.jsp
#

---------------  S U M M A R Y ------------

Command Line: -agentlib:jdwp=transport=dt_socket,address=127.0.0.1:55395,suspend=y,server=n -javaagent:C:\Users\79441\AppData\Local\Temp\capture9048jars\debugger-agent.jar=file:/C:/Users/79441/AppData/Local/Temp/capture.props -Dfile.encoding=UTF-8 IForest

Host: Intel(R) Core(TM) i5-8250U CPU @ 1.60GHz, 8 cores, 7G,  Windows 10 , 64 bit Build 17134 (10.0.17134.1)
Time: Wed Jan 02 15:52:03 2019 ?D1¨²¡À¨º¡Á?¨º¡À?? elapsed time: 779 seconds (0d 0h 12m 59s)

---------------  T H R E A D  ---------------

Current thread (0x0000029cea41f000):  VMThread "VM Thread" [stack: 0x000000c577d00000,0x000000c577e00000] [id=4440]

Stack: [0x000000c577d00000,0x000000c577e00000]
[error occurred during error reporting (printing stack bounds), id 0xe0000000]

Native frames: (J=compiled Java code, j=interpreted, Vv=VM code, C=native code)
V  [jvm.dll+0x5a0369]
V  [jvm.dll+0x6bcf81]
V  [jvm.dll+0x6be176]
V  [jvm.dll+0x6be765]
V  [jvm.dll+0x6be71b]
V  [jvm.dll+0x59fb63]
V  [jvm.dll+0x59ff68]
C  [ntdll.dll+0x9f7dd]
C  [ntdll.dll+0xd856]
C  [ntdll.dll+0x9e70e]
C  0x0000029cd3b10ead

VM_Operation (0x000000c5787ff690): GetOrSetLocal, mode: safepoint, requested by thread 0x0000029ceb2c5000


---------------  P R O C E S S  ---------------

Threads class SMR info:
_java_thread_list=0x0000029ceb210500, length=15, elements={
0x0000029cc878d000, 0x0000029cea426800, 0x0000029cea427000, 0x0000029ceac8b800,
0x0000029ceac8c000, 0x0000029ceac91000, 0x0000029ceac94800, 0x0000029ceac95800,
0x0000029ceac96000, 0x0000029ceacb9000, 0x0000029ceb2c5000, 0x0000029ceb1c7800,
0x0000029ceb2ad000, 0x0000029ceb2f2000, 0x0000029ceb211000
}

Java Threads: ( => current thread )
  0x0000029cc878d000 JavaThread "main" [_thread_blocked, id=10248, stack(0x000000c576800000,0x000000c576900000)]
  0x0000029cea426800 JavaThread "Reference Handler" daemon [_thread_blocked, id=12540, stack(0x000000c577e00000,0x000000c577f00000)]
  0x0000029cea427000 JavaThread "Finalizer" daemon [_thread_blocked, id=6076, stack(0x000000c577f00000,0x000000c578000000)]
  0x0000029ceac8b800 JavaThread "Signal Dispatcher" daemon [_thread_blocked, id=1600, stack(0x000000c578000000,0x000000c578100000)]
  0x0000029ceac8c000 JavaThread "Attach Listener" daemon [_thread_blocked, id=7408, stack(0x000000c578100000,0x000000c578200000)]
  0x0000029ceac91000 JavaThread "C2 CompilerThread0" daemon [_thread_blocked, id=5040, stack(0x000000c578200000,0x000000c578300000)]
  0x0000029ceac94800 JavaThread "C2 CompilerThread1" daemon [_thread_blocked, id=15412, stack(0x000000c578300000,0x000000c578400000)]
  0x0000029ceac95800 JavaThread "C2 CompilerThread2" daemon [_thread_blocked, id=14732, stack(0x000000c578400000,0x000000c578500000)]
  0x0000029ceac96000 JavaThread "C1 CompilerThread3" daemon [_thread_blocked, id=12696, stack(0x000000c578500000,0x000000c578600000)]
  0x0000029ceacb9000 JavaThread "Sweeper thread" daemon [_thread_blocked, id=13836, stack(0x000000c578600000,0x000000c578700000)]
  0x0000029ceb2c5000 JavaThread "JDWP Transport Listener: dt_socket" daemon [_thread_blocked, id=10536, stack(0x000000c578700000,0x000000c578800000)] _threads_hazard_ptr=0x0000029ceb210500
  0x0000029ceb1c7800 JavaThread "JDWP Event Helper Thread" daemon [_thread_blocked, id=16092, stack(0x000000c578800000,0x000000c578900000)]
  0x0000029ceb2ad000 JavaThread "JDWP Command Reader" daemon [_thread_in_native, id=15564, stack(0x000000c578900000,0x000000c578a00000)]
  0x0000029ceb2f2000 JavaThread "Common-Cleaner" daemon [_thread_blocked, id=13124, stack(0x000000c578a00000,0x000000c578b00000)]
  0x0000029ceb211000 JavaThread "Service Thread" daemon [_thread_blocked, id=13396, stack(0x000000c578b00000,0x000000c578c00000)]

Other Threads:
=>0x0000029cea41f000 VMThread "VM Thread" [stack: 0x000000c577d00000,0x000000c577e00000] [id=4440]
  0x0000029ceb004800 WatcherThread [stack: 0x000000c578c00000,0x000000c578d00000] [id=12256]
  0x0000029cc87a8000 GCTaskThread "GC Thread#0" [stack: 0x000000c576900000,0x000000c576a00000] [id=16308]
  0x0000029cc87a9800 GCTaskThread "GC Thread#1" [stack: 0x000000c576a00000,0x000000c576b00000] [id=5368]
  0x0000029cc87ab000 GCTaskThread "GC Thread#2" [stack: 0x000000c576b00000,0x000000c576c00000] [id=10016]
  0x0000029cc87ad800 GCTaskThread "GC Thread#3" [stack: 0x000000c576c00000,0x000000c576d00000] [id=9612]
  0x0000029cc87af800 GCTaskThread "GC Thread#4" [stack: 0x000000c576d00000,0x000000c576e00000] [id=14984]
  0x0000029cc87b4000 GCTaskThread "GC Thread#5" [stack: 0x000000c576e00000,0x000000c576f00000] [id=13780]
  0x0000029cc87bd800 GCTaskThread "GC Thread#6" [stack: 0x000000c576f00000,0x000000c577000000] [id=15260]
  0x0000029cc87be800 GCTaskThread "GC Thread#7" [stack: 0x000000c577000000,0x000000c577100000] [id=5108]
  0x0000029cc8836800 ConcurrentGCThread "G1 Main Marker" [stack: 0x000000c577100000,0x000000c577200000] [id=11464]
  0x0000029cc8837800 ConcurrentGCThread "G1 Conc#0" [stack: 0x000000c577200000,0x000000c577300000] [id=6408]
  0x0000029cc8838800 ConcurrentGCThread "G1 Conc#1" [stack: 0x000000c577300000,0x000000c577400000] [id=15612]
  0x0000029cea28b000 ConcurrentGCThread "G1 Refine#0" [stack: 0x000000c577400000,0x000000c577500000] [id=5612]
  0x0000029cea28c000 ConcurrentGCThread "G1 Refine#1" [stack: 0x000000c577500000,0x000000c577600000] [id=9784]
  0x0000029cea28e800 ConcurrentGCThread "G1 Refine#2" [stack: 0x000000c577600000,0x000000c577700000] [id=16224]
  0x0000029cea290000 ConcurrentGCThread "G1 Refine#3" [stack: 0x000000c577700000,0x000000c577800000] [id=8536]
  0x0000029cea293000 ConcurrentGCThread "G1 Refine#4" [stack: 0x000000c577800000,0x000000c577900000] [id=2888]
  0x0000029cea29f000 ConcurrentGCThread "G1 Refine#5" [stack: 0x000000c577900000,0x000000c577a00000] [id=11044]
  0x0000029cea2a1800 ConcurrentGCThread "G1 Refine#6" [stack: 0x000000c577a00000,0x000000c577b00000] [id=13444]
  0x0000029cea2aa000 ConcurrentGCThread "G1 Refine#7" [stack: 0x000000c577b00000,0x000000c577c00000] [id=9680]
  0x0000029cea2ab000 ConcurrentGCThread "G1 Young RemSet Sampling" [stack: 0x000000c577c00000,0x000000c577d00000] [id=1328]

Threads with active compile tasks:

VM state:at safepoint (normal execution)

VM Mutex/Monitor currently owned by a thread:  ([mutex/lock_event])
[0x0000029cc87879f0] Threads_lock - owner thread: 0x0000029cea41f000

Heap address: 0x0000000081600000, size: 2026 MB, Compressed Oops mode: 32-bit
Narrow klass base: 0x0000000000000000, Narrow klass shift: 3
Compressed class space size: 1073741824 Address: 0x0000000100000000

Heap:
 garbage-first heap   total 131072K, used 7168K [0x0000000081600000, 0x0000000100000000)
  region size 1024K, 8 young (8192K), 0 survivors (0K)
 Metaspace       used 7095K, capacity 7294K, committed 7424K, reserved 1056768K
  class space    used 590K, capacity 672K, committed 768K, reserved 1048576K
Heap Regions: E=young(eden), S=young(survivor), O=old, HS=humongous(starts), HC=humongous(continues), CS=collection set, F=free, A=archive, TS=gc time stamp, AC=allocation context, TAMS=top-at-mark-start (previous, next)
|   0|0x0000000081600000, 0x0000000081600000, 0x0000000081700000|  0%| F|  |TS  0|AC  0|TAMS 0x0000000081600000, 0x0000000081600000|
|   1|0x0000000081700000, 0x0000000081700000, 0x0000000081800000|  0%| F|  |TS  0|AC  0|TAMS 0x0000000081700000, 0x0000000081700000|
|   2|0x0000000081800000, 0x0000000081800000, 0x0000000081900000|  0%| F|  |TS  0|AC  0|TAMS 0x0000000081800000, 0x0000000081800000|
|   3|0x0000000081900000, 0x0000000081900000, 0x0000000081a00000|  0%| F|  |TS  0|AC  0|TAMS 0x0000000081900000, 0x0000000081900000|
|   4|0x0000000081a00000, 0x0000000081a00000, 0x0000000081b00000|  0%| F|  |TS  0|AC  0|TAMS 0x0000000081a00000, 0x0000000081a00000|
|   5|0x0000000081b00000, 0x0000000081b00000, 0x0000000081c00000|  0%| F|  |TS  0|AC  0|TAMS 0x0000000081b00000, 0x0000000081b00000|
|   6|0x0000000081c00000, 0x0000000081c00000, 0x0000000081d00000|  0%| F|  |TS  0|AC  0|TAMS 0x0000000081c00000, 0x0000000081c00000|
|   7|0x0000000081d00000, 0x0000000081d00000, 0x0000000081e00000|  0%| F|  |TS  0|AC  0|TAMS 0x0000000081d00000, 0x0000000081d00000|
|   8|0x0000000081e00000, 0x0000000081e00000, 0x0000000081f00000|  0%| F|  |TS  0|AC  0|TAMS 0x0000000081e00000, 0x0000000081e00000|
|   9|0x0000000081f00000, 0x0000000081f00000, 0x0000000082000000|  0%| F|  |TS  0|AC  0|TAMS 0x0000000081f00000, 0x0000000081f00000|
|  10|0x0000000082000000, 0x0000000082000000, 0x0000000082100000|  0%| F|  |TS  0|AC  0|TAMS 0x0000000082000000, 0x0000000082000000|
|  11|0x0000000082100000, 0x0000000082100000, 0x0000000082200000|  0%| F|  |TS  0|AC  0|TAMS 0x0000000082100000, 0x0000000082100000|
|  12|0x0000000082200000, 0x0000000082200000, 0x0000000082300000|  0%| F|  |TS  0|AC  0|TAMS 0x0000000082200000, 0x0000000082200000|
|  13|0x0000000082300000, 0x0000000082300000, 0x0000000082400000|  0%| F|  |TS  0|AC  0|TAMS 0x0000000082300000, 0x0000000082300000|
|  14|0x0000000082400000, 0x0000000082400000, 0x0000000082500000|  0%| F|  |TS  0|AC  0|TAMS 0x0000000082400000, 0x0000000082400000|
|  15|0x0000000082500000, 0x0000000082500000, 0x0000000082600000|  0%| F|  |TS  0|AC  0|TAMS 0x0000000082500000, 0x0000000082500000|
|  16|0x0000000082600000, 0x0000000082600000, 0x0000000082700000|  0%| F|  |TS  0|AC  0|TAMS 0x0000000082600000, 0x0000000082600000|
|  17|0x0000000082700000, 0x0000000082700000, 0x0000000082800000|  0%| F|  |TS  0|AC  0|TAMS 0x0000000082700000, 0x0000000082700000|
|  18|0x0000000082800000, 0x0000000082800000, 0x0000000082900000|  0%| F|  |TS  0|AC  0|TAMS 0x0000000082800000, 0x0000000082800000|
|  19|0x0000000082900000, 0x0000000082900000, 0x0000000082a00000|  0%| F|  |TS  0|AC  0|TAMS 0x0000000082900000, 0x0000000082900000|
|  20|0x0000000082a00000, 0x0000000082a00000, 0x0000000082b00000|  0%| F|  |TS  0|AC  0|TAMS 0x0000000082a00000, 0x0000000082a00000|
|  21|0x0000000082b00000, 0x0000000082b00000, 0x0000000082c00000|  0%| F|  |TS  0|AC  0|TAMS 0x0000000082b00000, 0x0000000082b00000|
|  22|0x0000000082c00000, 0x0000000082c00000, 0x0000000082d00000|  0%| F|  |TS  0|AC  0|TAMS 0x0000000082c00000, 0x0000000082c00000|
|  23|0x0000000082d00000, 0x0000000082d00000, 0x0000000082e00000|  0%| F|  |TS  0|AC  0|TAMS 0x0000000082d00000, 0x0000000082d00000|
|  24|0x0000000082e00000, 0x0000000082e00000, 0x0000000082f00000|  0%| F|  |TS  0|AC  0|TAMS 0x0000000082e00000, 0x0000000082e00000|
|  25|0x0000000082f00000, 0x0000000082f00000, 0x0000000083000000|  0%| F|  |TS  0|AC  0|TAMS 0x0000000082f00000, 0x0000000082f00000|
|  26|0x0000000083000000, 0x0000000083000000, 0x0000000083100000|  0%| F|  |TS  0|AC  0|TAMS 0x0000000083000000, 0x0000000083000000|
|  27|0x0000000083100000, 0x0000000083100000, 0x0000000083200000|  0%| F|  |TS  0|AC  0|TAMS 0x0000000083100000, 0x0000000083100000|
|  28|0x0000000083200000, 0x0000000083200000, 0x0000000083300000|  0%| F|  |TS  0|AC  0|TAMS 0x0000000083200000, 0x0000000083200000|
|  29|0x0000000083300000, 0x0000000083300000, 0x0000000083400000|  0%| F|  |TS  0|AC  0|TAMS 0x0000000083300000, 0x0000000083300000|
|  30|0x0000000083400000, 0x0000000083400000, 0x0000000083500000|  0%| F|  |TS  0|AC  0|TAMS 0x0000000083400000, 0x0000000083400000|
|  31|0x0000000083500000, 0x0000000083500000, 0x0000000083600000|  0%| F|  |TS  0|AC  0|TAMS 0x0000000083500000, 0x0000000083500000|
|  32|0x0000000083600000, 0x0000000083600000, 0x0000000083700000|  0%| F|  |TS  0|AC  0|TAMS 0x0000000083600000, 0x0000000083600000|
|  33|0x0000000083700000, 0x0000000083700000, 0x0000000083800000|  0%| F|  |TS  0|AC  0|TAMS 0x0000000083700000, 0x0000000083700000|
|  34|0x0000000083800000, 0x0000000083800000, 0x0000000083900000|  0%| F|  |TS  0|AC  0|TAMS 0x0000000083800000, 0x0000000083800000|
|  35|0x0000000083900000, 0x0000000083900000, 0x0000000083a00000|  0%| F|  |TS  0|AC  0|TAMS 0x0000000083900000, 0x0000000083900000|
|  36|0x0000000083a00000, 0x0000000083a00000, 0x0000000083b00000|  0%| F|  |TS  0|AC  0|TAMS 0x0000000083a00000, 0x0000000083a00000|
|  37|0x0000000083b00000, 0x0000000083b00000, 0x0000000083c00000|  0%| F|  |TS  0|AC  0|TAMS 0x0000000083b00000, 0x0000000083b00000|
|  38|0x0000000083c00000, 0x0000000083c00000, 0x0000000083d00000|  0%| F|  |TS  0|AC  0|TAMS 0x0000000083c00000, 0x0000000083c00000|
|  39|0x0000000083d00000, 0x0000000083d00000, 0x0000000083e00000|  0%| F|  |TS  0|AC  0|TAMS 0x0000000083d00000, 0x0000000083d00000|
|  40|0x0000000083e00000, 0x0000000083e00000, 0x0000000083f00000|  0%| F|  |TS  0|AC  0|TAMS 0x0000000083e00000, 0x0000000083e00000|
|  41|0x0000000083f00000, 0x0000000083f00000, 0x0000000084000000|  0%| F|  |TS  0|AC  0|TAMS 0x0000000083f00000, 0x0000000083f00000|
|  42|0x0000000084000000, 0x0000000084000000, 0x0000000084100000|  0%| F|  |TS  0|AC  0|TAMS 0x0000000084000000, 0x0000000084000000|
|  43|0x0000000084100000, 0x0000000084100000, 0x0000000084200000|  0%| F|  |TS  0|AC  0|TAMS 0x0000000084100000, 0x0000000084100000|
|  44|0x0000000084200000, 0x0000000084200000, 0x0000000084300000|  0%| F|  |TS  0|AC  0|TAMS 0x0000000084200000, 0x0000000084200000|
|  45|0x0000000084300000, 0x0000000084300000, 0x0000000084400000|  0%| F|  |TS  0|AC  0|TAMS 0x0000000084300000, 0x0000000084300000|
|  46|0x0000000084400000, 0x0000000084400000, 0x0000000084500000|  0%| F|  |TS  0|AC  0|TAMS 0x0000000084400000, 0x0000000084400000|
|  47|0x0000000084500000, 0x0000000084500000, 0x0000000084600000|  0%| F|  |TS  0|AC  0|TAMS 0x0000000084500000, 0x0000000084500000|
|  48|0x0000000084600000, 0x0000000084600000, 0x0000000084700000|  0%| F|  |TS  0|AC  0|TAMS 0x0000000084600000, 0x0000000084600000|
|  49|0x0000000084700000, 0x0000000084700000, 0x0000000084800000|  0%| F|  |TS  0|AC  0|TAMS 0x0000000084700000, 0x0000000084700000|
|  50|0x0000000084800000, 0x0000000084800000, 0x0000000084900000|  0%| F|  |TS  0|AC  0|TAMS 0x0000000084800000, 0x0000000084800000|
|  51|0x0000000084900000, 0x0000000084900000, 0x0000000084a00000|  0%| F|  |TS  0|AC  0|TAMS 0x0000000084900000, 0x0000000084900000|
|  52|0x0000000084a00000, 0x0000000084a00000, 0x0000000084b00000|  0%| F|  |TS  0|AC  0|TAMS 0x0000000084a00000, 0x0000000084a00000|
|  53|0x0000000084b00000, 0x0000000084b00000, 0x0000000084c00000|  0%| F|  |TS  0|AC  0|TAMS 0x0000000084b00000, 0x0000000084b00000|
|  54|0x0000000084c00000, 0x0000000084c00000, 0x0000000084d00000|  0%| F|  |TS  0|AC  0|TAMS 0x0000000084c00000, 0x0000000084c00000|
|  55|0x0000000084d00000, 0x0000000084d00000, 0x0000000084e00000|  0%| F|  |TS  0|AC  0|TAMS 0x0000000084d00000, 0x0000000084d00000|
|  56|0x0000000084e00000, 0x0000000084e00000, 0x0000000084f00000|  0%| F|  |TS  0|AC  0|TAMS 0x0000000084e00000, 0x0000000084e00000|
|  57|0x0000000084f00000, 0x0000000084f00000, 0x0000000085000000|  0%| F|  |TS  0|AC  0|TAMS 0x0000000084f00000, 0x0000000084f00000|
|  58|0x0000000085000000, 0x0000000085000000, 0x0000000085100000|  0%| F|  |TS  0|AC  0|TAMS 0x0000000085000000, 0x0000000085000000|
|  59|0x0000000085100000, 0x0000000085100000, 0x0000000085200000|  0%| F|  |TS  0|AC  0|TAMS 0x0000000085100000, 0x0000000085100000|
|  60|0x0000000085200000, 0x0000000085200000, 0x0000000085300000|  0%| F|  |TS  0|AC  0|TAMS 0x0000000085200000, 0x0000000085200000|
|  61|0x0000000085300000, 0x0000000085300000, 0x0000000085400000|  0%| F|  |TS  0|AC  0|TAMS 0x0000000085300000, 0x0000000085300000|
|  62|0x0000000085400000, 0x0000000085400000, 0x0000000085500000|  0%| F|  |TS  0|AC  0|TAMS 0x0000000085400000, 0x0000000085400000|
|  63|0x0000000085500000, 0x0000000085500000, 0x0000000085600000|  0%| F|  |TS  0|AC  0|TAMS 0x0000000085500000, 0x0000000085500000|
|  64|0x0000000085600000, 0x0000000085600000, 0x0000000085700000|  0%| F|  |TS  0|AC  0|TAMS 0x0000000085600000, 0x0000000085600000|
|  65|0x0000000085700000, 0x0000000085700000, 0x0000000085800000|  0%| F|  |TS  0|AC  0|TAMS 0x0000000085700000, 0x0000000085700000|
|  66|0x0000000085800000, 0x0000000085800000, 0x0000000085900000|  0%| F|  |TS  0|AC  0|TAMS 0x0000000085800000, 0x0000000085800000|
|  67|0x0000000085900000, 0x0000000085900000, 0x0000000085a00000|  0%| F|  |TS  0|AC  0|TAMS 0x0000000085900000, 0x0000000085900000|
|  68|0x0000000085a00000, 0x0000000085a00000, 0x0000000085b00000|  0%| F|  |TS  0|AC  0|TAMS 0x0000000085a00000, 0x0000000085a00000|
|  69|0x0000000085b00000, 0x0000000085b00000, 0x0000000085c00000|  0%| F|  |TS  0|AC  0|TAMS 0x0000000085b00000, 0x0000000085b00000|
|  70|0x0000000085c00000, 0x0000000085c00000, 0x0000000085d00000|  0%| F|  |TS  0|AC  0|TAMS 0x0000000085c00000, 0x0000000085c00000|
|  71|0x0000000085d00000, 0x0000000085d00000, 0x0000000085e00000|  0%| F|  |TS  0|AC  0|TAMS 0x0000000085d00000, 0x0000000085d00000|
|  72|0x0000000085e00000, 0x0000000085e00000, 0x0000000085f00000|  0%| F|  |TS  0|AC  0|TAMS 0x0000000085e00000, 0x0000000085e00000|
|  73|0x0000000085f00000, 0x0000000085f00000, 0x0000000086000000|  0%| F|  |TS  0|AC  0|TAMS 0x0000000085f00000, 0x0000000085f00000|
|  74|0x0000000086000000, 0x0000000086000000, 0x0000000086100000|  0%| F|  |TS  0|AC  0|TAMS 0x0000000086000000, 0x0000000086000000|
|  75|0x0000000086100000, 0x0000000086100000, 0x0000000086200000|  0%| F|  |TS  0|AC  0|TAMS 0x0000000086100000, 0x0000000086100000|
|  76|0x0000000086200000, 0x0000000086200000, 0x0000000086300000|  0%| F|  |TS  0|AC  0|TAMS 0x0000000086200000, 0x0000000086200000|
|  77|0x0000000086300000, 0x0000000086300000, 0x0000000086400000|  0%| F|  |TS  0|AC  0|TAMS 0x0000000086300000, 0x0000000086300000|
|  78|0x0000000086400000, 0x0000000086400000, 0x0000000086500000|  0%| F|  |TS  0|AC  0|TAMS 0x0000000086400000, 0x0000000086400000|
|  79|0x0000000086500000, 0x0000000086500000, 0x0000000086600000|  0%| F|  |TS  0|AC  0|TAMS 0x0000000086500000, 0x0000000086500000|
|  80|0x0000000086600000, 0x0000000086600000, 0x0000000086700000|  0%| F|  |TS  0|AC  0|TAMS 0x0000000086600000, 0x0000000086600000|
|  81|0x0000000086700000, 0x0000000086700000, 0x0000000086800000|  0%| F|  |TS  0|AC  0|TAMS 0x0000000086700000, 0x0000000086700000|
|  82|0x0000000086800000, 0x0000000086800000, 0x0000000086900000|  0%| F|  |TS  0|AC  0|TAMS 0x0000000086800000, 0x0000000086800000|
|  83|0x0000000086900000, 0x0000000086900000, 0x0000000086a00000|  0%| F|  |TS  0|AC  0|TAMS 0x0000000086900000, 0x0000000086900000|
|  84|0x0000000086a00000, 0x0000000086a00000, 0x0000000086b00000|  0%| F|  |TS  0|AC  0|TAMS 0x0000000086a00000, 0x0000000086a00000|
|  85|0x0000000086b00000, 0x0000000086b00000, 0x0000000086c00000|  0%| F|  |TS  0|AC  0|TAMS 0x0000000086b00000, 0x0000000086b00000|
|  86|0x0000000086c00000, 0x0000000086c00000, 0x0000000086d00000|  0%| F|  |TS  0|AC  0|TAMS 0x0000000086c00000, 0x0000000086c00000|
|  87|0x0000000086d00000, 0x0000000086d00000, 0x0000000086e00000|  0%| F|  |TS  0|AC  0|TAMS 0x0000000086d00000, 0x0000000086d00000|
|  88|0x0000000086e00000, 0x0000000086e00000, 0x0000000086f00000|  0%| F|  |TS  0|AC  0|TAMS 0x0000000086e00000, 0x0000000086e00000|
|  89|0x0000000086f00000, 0x0000000086f00000, 0x0000000087000000|  0%| F|  |TS  0|AC  0|TAMS 0x0000000086f00000, 0x0000000086f00000|
|  90|0x0000000087000000, 0x0000000087000000, 0x0000000087100000|  0%| F|  |TS  0|AC  0|TAMS 0x0000000087000000, 0x0000000087000000|
|  91|0x0000000087100000, 0x0000000087100000, 0x0000000087200000|  0%| F|  |TS  0|AC  0|TAMS 0x0000000087100000, 0x0000000087100000|
|  92|0x0000000087200000, 0x0000000087200000, 0x0000000087300000|  0%| F|  |TS  0|AC  0|TAMS 0x0000000087200000, 0x0000000087200000|
|  93|0x0000000087300000, 0x0000000087300000, 0x0000000087400000|  0%| F|  |TS  0|AC  0|TAMS 0x0000000087300000, 0x0000000087300000|
|  94|0x0000000087400000, 0x0000000087400000, 0x0000000087500000|  0%| F|  |TS  0|AC  0|TAMS 0x0000000087400000, 0x0000000087400000|
|  95|0x0000000087500000, 0x0000000087500000, 0x0000000087600000|  0%| F|  |TS  0|AC  0|TAMS 0x0000000087500000, 0x0000000087500000|
|  96|0x0000000087600000, 0x0000000087600000, 0x0000000087700000|  0%| F|  |TS  0|AC  0|TAMS 0x0000000087600000, 0x0000000087600000|
|  97|0x0000000087700000, 0x0000000087700000, 0x0000000087800000|  0%| F|  |TS  0|AC  0|TAMS 0x0000000087700000, 0x0000000087700000|
|  98|0x0000000087800000, 0x0000000087800000, 0x0000000087900000|  0%| F|  |TS  0|AC  0|TAMS 0x0000000087800000, 0x0000000087800000|
|  99|0x0000000087900000, 0x0000000087900000, 0x0000000087a00000|  0%| F|  |TS  0|AC  0|TAMS 0x0000000087900000, 0x0000000087900000|
| 100|0x0000000087a00000, 0x0000000087a00000, 0x0000000087b00000|  0%| F|  |TS  0|AC  0|TAMS 0x0000000087a00000, 0x0000000087a00000|
| 101|0x0000000087b00000, 0x0000000087b00000, 0x0000000087c00000|  0%| F|  |TS  0|AC  0|TAMS 0x0000000087b00000, 0x0000000087b00000|
| 102|0x0000000087c00000, 0x0000000087c00000, 0x0000000087d00000|  0%| F|  |TS  0|AC  0|TAMS 0x0000000087c00000, 0x0000000087c00000|
| 103|0x0000000087d00000, 0x0000000087d00000, 0x0000000087e00000|  0%| F|  |TS  0|AC  0|TAMS 0x0000000087d00000, 0x0000000087d00000|
| 104|0x0000000087e00000, 0x0000000087e00000, 0x0000000087f00000|  0%| F|  |TS  0|AC  0|TAMS 0x0000000087e00000, 0x0000000087e00000|
| 105|0x0000000087f00000, 0x0000000087f00000, 0x0000000088000000|  0%| F|  |TS  0|AC  0|TAMS 0x0000000087f00000, 0x0000000087f00000|
| 106|0x0000000088000000, 0x0000000088000000, 0x0000000088100000|  0%| F|  |TS  0|AC  0|TAMS 0x0000000088000000, 0x0000000088000000|
| 107|0x0000000088100000, 0x0000000088100000, 0x0000000088200000|  0%| F|  |TS  0|AC  0|TAMS 0x0000000088100000, 0x0000000088100000|
| 108|0x0000000088200000, 0x0000000088200000, 0x0000000088300000|  0%| F|  |TS  0|AC  0|TAMS 0x0000000088200000, 0x0000000088200000|
| 109|0x0000000088300000, 0x0000000088300000, 0x0000000088400000|  0%| F|  |TS  0|AC  0|TAMS 0x0000000088300000, 0x0000000088300000|
| 110|0x0000000088400000, 0x0000000088400000, 0x0000000088500000|  0%| F|  |TS  0|AC  0|TAMS 0x0000000088400000, 0x0000000088400000|
| 111|0x0000000088500000, 0x0000000088500000, 0x0000000088600000|  0%| F|  |TS  0|AC  0|TAMS 0x0000000088500000, 0x0000000088500000|
| 112|0x0000000088600000, 0x0000000088600000, 0x0000000088700000|  0%| F|  |TS  0|AC  0|TAMS 0x0000000088600000, 0x0000000088600000|
| 113|0x0000000088700000, 0x0000000088700000, 0x0000000088800000|  0%| F|  |TS  0|AC  0|TAMS 0x0000000088700000, 0x0000000088700000|
| 114|0x0000000088800000, 0x0000000088800000, 0x0000000088900000|  0%| F|  |TS  0|AC  0|TAMS 0x0000000088800000, 0x0000000088800000|
| 115|0x0000000088900000, 0x0000000088900000, 0x0000000088a00000|  0%| F|  |TS  0|AC  0|TAMS 0x0000000088900000, 0x0000000088900000|
| 116|0x0000000088a00000, 0x0000000088a00000, 0x0000000088b00000|  0%| F|  |TS  0|AC  0|TAMS 0x0000000088a00000, 0x0000000088a00000|
| 117|0x0000000088b00000, 0x0000000088b00000, 0x0000000088c00000|  0%| F|  |TS  0|AC  0|TAMS 0x0000000088b00000, 0x0000000088b00000|
| 118|0x0000000088c00000, 0x0000000088c00000, 0x0000000088d00000|  0%| F|  |TS  0|AC  0|TAMS 0x0000000088c00000, 0x0000000088c00000|
| 119|0x0000000088d00000, 0x0000000088d00000, 0x0000000088e00000|  0%| F|  |TS  0|AC  0|TAMS 0x0000000088d00000, 0x0000000088d00000|
| 120|0x0000000088e00000, 0x0000000088ef64f8, 0x0000000088f00000| 96%| E|  |TS  0|AC  0|TAMS 0x0000000088e00000, 0x0000000088e00000|
| 121|0x0000000088f00000, 0x0000000089000000, 0x0000000089000000|100%| E|CS|TS  0|AC  0|TAMS 0x0000000088f00000, 0x0000000088f00000|
| 122|0x0000000089000000, 0x0000000089100000, 0x0000000089100000|100%| E|CS|TS  0|AC  0|TAMS 0x0000000089000000, 0x0000000089000000|
| 123|0x0000000089100000, 0x0000000089200000, 0x0000000089200000|100%| E|CS|TS  0|AC  0|TAMS 0x0000000089100000, 0x0000000089100000|
| 124|0x0000000089200000, 0x0000000089300000, 0x0000000089300000|100%| E|CS|TS  0|AC  0|TAMS 0x0000000089200000, 0x0000000089200000|
| 125|0x0000000089300000, 0x0000000089400000, 0x0000000089400000|100%| E|CS|TS  0|AC  0|TAMS 0x0000000089300000, 0x0000000089300000|
| 126|0x0000000089400000, 0x0000000089500000, 0x0000000089500000|100%| E|CS|TS  0|AC  0|TAMS 0x0000000089400000, 0x0000000089400000|
| 127|0x0000000089500000, 0x0000000089600000, 0x0000000089600000|100%| E|CS|TS  0|AC  0|TAMS 0x0000000089500000, 0x0000000089500000|

Card table byte_map: [0x0000029ce3240000,0x0000029ce3640000] byte_map_base: 0x0000029ce2e35000

Marking Bits (Prev, Next): (CMBitMap*) 0x0000029cc8835c20, (CMBitMap*) 0x0000029cc8835c58
 Prev Bits: [0x0000029ce3a40000, 0x0000029ce59e8000)
 Next Bits: [0x0000029ce59f0000, 0x0000029ce7998000)

Polling page: 0x0000029cc62b0000

CodeHeap 'non-profiled nmethods': size=120000Kb used=216Kb max_used=216Kb free=119784Kb
 bounds [0x0000029cdb5e0000, 0x0000029cdb850000, 0x0000029ce2b10000]
CodeHeap 'profiled nmethods': size=120000Kb used=985Kb max_used=985Kb free=119014Kb
 bounds [0x0000029cd40b0000, 0x0000029cd4320000, 0x0000029cdb5e0000]
CodeHeap 'non-nmethods': size=5760Kb used=1152Kb max_used=1164Kb free=4607Kb
 bounds [0x0000029cd3b10000, 0x0000029cd3d80000, 0x0000029cd40b0000]
 total_blobs=1120 nmethods=620 adapters=287
 compilation: enabled

Compilation events (10 events):
Event: 0.379 Thread 0x0000029ceac96000  603       3       java.lang.invoke.DirectMethodHandle::internalMemberName (8 bytes)
Event: 0.379 Thread 0x0000029ceac96000 nmethod 603 0x0000029cd41a4590 code [0x0000029cd41a4740, 0x0000029cd41a4978]
Event: 0.379 Thread 0x0000029ceac96000  602       3       java.util.ArrayList::<init> (12 bytes)
Event: 0.379 Thread 0x0000029ceac96000 nmethod 602 0x0000029cd41a4a10 code [0x0000029cd41a4be0, 0x0000029cd41a4ed8]
Event: 0.379 Thread 0x0000029ceac96000  601       3       java.util.ArrayList$SubList::checkForComodification (23 bytes)
Event: 0.379 Thread 0x0000029ceac96000 nmethod 601 0x0000029cd41a5010 code [0x0000029cd41a51e0, 0x0000029cd41a5410]
Event: 0.379 Thread 0x0000029ceac96000  584       3       java.lang.invoke.MethodHandles$Lookup::checkSymbolicClass (42 bytes)
Event: 0.380 Thread 0x0000029ceac96000 nmethod 584 0x0000029cd41a5510 code [0x0000029cd41a57c0, 0x0000029cd41a61b0]
Event: 0.383 Thread 0x0000029ceac95800 nmethod 613 0x0000029cdb612e90 code [0x0000029cdb613040, 0x0000029cdb613558]
Event: 0.409 Thread 0x0000029ceac94800 nmethod 620 0x0000029cdb613790 code [0x0000029cdb6139a0, 0x0000029cdb615318]

GC Heap History (0 events):
No events

Deoptimization events (4 events):
Event: 0.121 Thread 0x0000029cc878d000 Uncommon trap: reason=unstable_if action=reinterpret pc=0x0000029cdb5e9180 method=java.util.AbstractCollection.isEmpty()Z @ 4 c2
Event: 0.149 Thread 0x0000029cc878d000 Uncommon trap: reason=unstable_if action=reinterpret pc=0x0000029cdb5e53fc method=java.lang.String.isLatin1()Z @ 10 c2
Event: 0.158 Thread 0x0000029cc878d000 Uncommon trap: reason=unstable_if action=reinterpret pc=0x0000029cdb5e2628 method=java.lang.String.hashCode()I @ 14 c2
Event: 0.241 Thread 0x0000029cc878d000 Uncommon trap: reason=unstable_if action=reinterpret pc=0x0000029cdb5f1e7c method=java.lang.String.charAt(I)C @ 4 c2

Classes redefined (6 events):
Event: 184.192 Thread 0x0000029cea41f000 redefined class name=IForest, count=1
Event: 184.193 Thread 0x0000029cea41f000 redefined class name=IForest$Node, count=1
Event: 336.093 Thread 0x0000029cea41f000 redefined class name=IForest, count=2
Event: 336.095 Thread 0x0000029cea41f000 redefined class name=IForest$Node, count=2
Event: 779.092 Thread 0x0000029cea41f000 redefined class name=IForest, count=3
Event: 779.094 Thread 0x0000029cea41f000 redefined class name=IForest$Node, count=3

Internal exceptions (10 events):
Event: 0.299 Thread 0x0000029cc878d000 Exception <a 'java/lang/NoSuchMethodError'{0x0000000089026258}: java.lang.invoke.DirectMethodHandle$Holder.invokeStatic(Ljava/lang/Object;Ljava/lang/Object;Ljava/lang/Object;Ljava/lang/Object;Ljava/lang/Object;Ljava/lang/Object;Ljava/lang/Object;Ljava/lan
Event: 0.301 Thread 0x0000029cc878d000 Exception <a 'java/lang/NoSuchMethodError'{0x000000008903ef68}: java.lang.invoke.DirectMethodHandle$Holder.invokeStatic(Ljava/lang/Object;Ljava/lang/Object;Ljava/lang/Object;Ljava/lang/Object;Ljava/lang/Object;Ljava/lang/Object;Ljava/lang/Object;Ljava/lan
Event: 0.304 Thread 0x0000029cc878d000 Exception <a 'java/lang/NoSuchMethodError'{0x000000008904eb68}: java.lang.invoke.DirectMethodHandle$Holder.invokeSpecial(Ljava/lang/Object;Ljava/lang/Object;IIILjava/lang/Object;Ljava/lang/Object;Ljava/lang/Object;)Ljava/lang/Object;> (0x000000008904eb68)
Event: 0.304 Thread 0x0000029cc878d000 Exception <a 'java/lang/NoSuchMethodError'{0x0000000089052078}: java.lang.invoke.DelegatingMethodHandle$Holder.reinvoke_L(Ljava/lang/Object;IIILjava/lang/Object;Ljava/lang/Object;Ljava/lang/Object;)Ljava/lang/Object;> (0x0000000089052078) thrown at [t:/wo
Event: 0.306 Thread 0x0000029cc878d000 Exception <a 'java/lang/NoSuchMethodError'{0x000000008905a7b0}: java.lang.invoke.DirectMethodHandle$Holder.invokeStatic(Ljava/lang/Object;Ljava/lang/Object;Ljava/lang/Object;Ljava/lang/Object;Ljava/lang/Object;I)Ljava/lang/Object;> (0x000000008905a7b0) th
Event: 0.309 Thread 0x0000029cc878d000 Exception <a 'java/lang/NoSuchMethodError'{0x0000000089077580}: method resolution failed> (0x0000000089077580) thrown at [t:/workspace/open/src/hotspot/share/prims/methodHandles.cpp, line 1226]
Event: 0.312 Thread 0x0000029cc878d000 Exception <a 'java/lang/NoSuchMethodError'{0x00000000890903b8}: method resolution failed> (0x00000000890903b8) thrown at [t:/workspace/open/src/hotspot/share/prims/methodHandles.cpp, line 1226]
Event: 0.315 Thread 0x0000029cc878d000 Exception <a 'java/lang/NoSuchMethodError'{0x00000000890ab628}: method resolution failed> (0x00000000890ab628) thrown at [t:/workspace/open/src/hotspot/share/prims/methodHandles.cpp, line 1226]
Event: 0.317 Thread 0x0000029cc878d000 Exception <a 'java/lang/NoSuchMethodError'{0x00000000890c80b0}: method resolution failed> (0x00000000890c80b0) thrown at [t:/workspace/open/src/hotspot/share/prims/methodHandles.cpp, line 1226]
Event: 0.319 Thread 0x0000029cc878d000 Exception <a 'java/lang/NoSuchMethodError'{0x00000000890d3180}: method resolution failed> (0x00000000890d3180) thrown at [t:/workspace/open/src/hotspot/share/prims/methodHandles.cpp, line 1226]

Events (10 events):
Event: 779.095 Executing VM operation: RedefineClasses done
Event: 779.095 Executing VM operation: GetFrameCount
Event: 779.095 Executing VM operation: GetFrameCount done
Event: 779.095 Executing VM operation: GetFrameCount
Event: 779.095 Executing VM operation: GetFrameCount done
Event: 779.095 Executing VM operation: GetFrameLocation
Event: 779.095 Executing VM operation: GetFrameLocation done
Event: 779.103 Executing VM operation: ChangeBreakpoints
Event: 779.104 Executing VM operation: ChangeBreakpoints done
Event: 779.121 Executing VM operation: GetOrSetLocal


Dynamic libraries:
0x00007ff6e9d70000 - 0x00007ff6e9dae000 	C:\Program Files\Java\jdk-10.0.1\bin\java.exe
0x00007ffc0baa0000 - 0x00007ffc0bc81000 	C:\WINDOWS\SYSTEM32\ntdll.dll
0x00007ffc0b4e0000 - 0x00007ffc0b592000 	C:\WINDOWS\System32\KERNEL32.DLL
0x00007ffc08180000 - 0x00007ffc083f3000 	C:\WINDOWS\System32\KERNELBASE.dll
0x00007ffc0ae30000 - 0x00007ffc0aed1000 	C:\WINDOWS\System32\ADVAPI32.dll
0x00007ffc0ad90000 - 0x00007ffc0ae2e000 	C:\WINDOWS\System32\msvcrt.dll
0x00007ffc08fe0000 - 0x00007ffc0903b000 	C:\WINDOWS\System32\sechost.dll
0x00007ffc0b610000 - 0x00007ffc0b734000 	C:\WINDOWS\System32\RPCRT4.dll
0x00007ffc0aac0000 - 0x00007ffc0ac50000 	C:\WINDOWS\System32\USER32.dll
0x00007ffc07e70000 - 0x00007ffc07e90000 	C:\WINDOWS\System32\win32u.dll
0x00007ffc0aee0000 - 0x00007ffc0af08000 	C:\WINDOWS\System32\GDI32.dll
0x00007ffc08d90000 - 0x00007ffc08f22000 	C:\WINDOWS\System32\gdi32full.dll
0x00007ffc080e0000 - 0x00007ffc0817f000 	C:\WINDOWS\System32\msvcp_win.dll
0x00007ffc08450000 - 0x00007ffc0854a000 	C:\WINDOWS\System32\ucrtbase.dll
0x00007ffbf8590000 - 0x00007ffbf87f9000 	C:\WINDOWS\WinSxS\amd64_microsoft.windows.common-controls_6595b64144ccf1df_6.0.17134.472_none_fb3f9af53068156d\COMCTL32.dll
0x00007ffc0a5e0000 - 0x00007ffc0a902000 	C:\WINDOWS\System32\combase.dll
0x00007ffc08550000 - 0x00007ffc085ca000 	C:\WINDOWS\System32\bcryptPrimitives.dll
0x00007ffc02890000 - 0x00007ffc0289a000 	C:\WINDOWS\SYSTEM32\VERSION.dll
0x00007ffc0b4b0000 - 0x00007ffc0b4dd000 	C:\WINDOWS\System32\IMM32.DLL
0x00007ffbed4d0000 - 0x00007ffbed5bf000 	C:\Program Files\Java\jdk-10.0.1\bin\msvcr120.dll
0x00007ffbeb970000 - 0x00007ffbeba16000 	C:\Program Files\Java\jdk-10.0.1\bin\msvcp120.dll
0x0000000055590000 - 0x0000000056000000 	C:\Program Files\Java\jdk-10.0.1\bin\server\jvm.dll
0x00007ffc0b740000 - 0x00007ffc0b748000 	C:\WINDOWS\System32\PSAPI.DLL
0x00007ffbf9330000 - 0x00007ffbf9339000 	C:\WINDOWS\SYSTEM32\WSOCK32.dll
0x00007ffc041c0000 - 0x00007ffc041e3000 	C:\WINDOWS\SYSTEM32\WINMM.dll
0x00007ffc0b5a0000 - 0x00007ffc0b60c000 	C:\WINDOWS\System32\WS2_32.dll
0x00007ffc04190000 - 0x00007ffc041ba000 	C:\WINDOWS\SYSTEM32\winmmbase.dll
0x00007ffc08400000 - 0x00007ffc08449000 	C:\WINDOWS\System32\cfgmgr32.dll
0x00007ffc05510000 - 0x00007ffc0551f000 	C:\Program Files\Java\jdk-10.0.1\bin\verify.dll
0x00007ffc06830000 - 0x00007ffc069f9000 	C:\WINDOWS\SYSTEM32\DBGHELP.DLL
0x00007ffc014a0000 - 0x00007ffc014c9000 	C:\WINDOWS\SYSTEM32\dbgcore.DLL
0x00007ffbfc9a0000 - 0x00007ffbfc9c7000 	C:\Program Files\Java\jdk-10.0.1\bin\java.dll
0x00007ffbf1df0000 - 0x00007ffbf1e26000 	C:\Program Files\Java\jdk-10.0.1\bin\jdwp.dll
0x00007ffbfa2b0000 - 0x00007ffbfa2da000 	C:\Program Files\Java\jdk-10.0.1\bin\instrument.dll
0x00007ffbfdfe0000 - 0x00007ffbfdff6000 	C:\Program Files\Java\jdk-10.0.1\bin\zip.dll
0x00007ffc04c60000 - 0x00007ffc04c6a000 	C:\Program Files\Java\jdk-10.0.1\bin\jimage.dll
0x00007ffc091a0000 - 0x00007ffc0a5e0000 	C:\WINDOWS\System32\SHELL32.dll
0x00007ffc08f30000 - 0x00007ffc08fd9000 	C:\WINDOWS\System32\shcore.dll
0x00007ffc085d0000 - 0x00007ffc08cdd000 	C:\WINDOWS\System32\windows.storage.dll
0x00007ffc0ad20000 - 0x00007ffc0ad71000 	C:\WINDOWS\System32\shlwapi.dll
0x00007ffc07db0000 - 0x00007ffc07dc1000 	C:\WINDOWS\System32\kernel.appcore.dll
0x00007ffc07e30000 - 0x00007ffc07e4f000 	C:\WINDOWS\System32\profapi.dll
0x00007ffc07dd0000 - 0x00007ffc07e1c000 	C:\WINDOWS\System32\powrprof.dll
0x00007ffc07e20000 - 0x00007ffc07e2a000 	C:\WINDOWS\System32\FLTLIB.DLL
0x00007ffbfdd40000 - 0x00007ffbfdd4a000 	C:\Program Files\Java\jdk-10.0.1\bin\dt_socket.dll
0x00007ffc07630000 - 0x00007ffc07696000 	C:\WINDOWS\system32\mswsock.dll
0x00007ffbfc800000 - 0x00007ffbfc81a000 	C:\Program Files\Java\jdk-10.0.1\bin\net.dll
0x00007ffbfbe40000 - 0x00007ffbfbf1d000 	C:\WINDOWS\SYSTEM32\WINHTTP.dll
0x00007ffbfb1e0000 - 0x00007ffbfb1f1000 	C:\Program Files\Java\jdk-10.0.1\bin\nio.dll

dbghelp: loaded successfully - version: 4.0.5 - missing functions: none
symbol engine: initialized successfully - sym options: 0x614 - pdb path: .;C:\Program Files\Java\jdk-10.0.1\bin;C:\WINDOWS\SYSTEM32;C:\WINDOWS\WinSxS\amd64_microsoft.windows.common-controls_6595b64144ccf1df_6.0.17134.472_none_fb3f9af53068156d;C:\Program Files\Java\jdk-10.0.1\bin\server

VM Arguments:
jvm_args: -agentlib:jdwp=transport=dt_socket,address=127.0.0.1:55395,suspend=y,server=n -javaagent:C:\Users\79441\AppData\Local\Temp\capture9048jars\debugger-agent.jar=file:/C:/Users/79441/AppData/Local/Temp/capture.props -Dfile.encoding=UTF-8 
java_command: IForest
java_class_path (initial): C:\Users\79441\Desktop\algorithm1\out\production\algorithm1;C:\Users\79441\Desktop\algorithm1\src\lib\javacsv-2.0.jar;C:\Program Files\JetBrains\IntelliJ IDEA 2018.1.5\lib\idea_rt.jar
Launcher Type: SUN_STANDARD

Logging:
Log output configuration:
#0: stdout all=warning uptime,level,tags
#1: stderr all=off uptime,level,tags

Environment Variables:
JAVA_HOME=C:\Program Files\Java\jdk-10.0.1
CLASSPATH=.;C:\Program Files\Java\jdk-10.0.1\lib;C:\Program Files\Java\jdk-10.0.1\lib\tools.jar.;C:\Program Files (x86)\scala\bin;C:\Program Files (x86)\scala\lib\dt.jar;C:\Program Files (x86)\scala\lib\tools.jar.;
PATH=C:\Program Files (x86)\Common Files\Oracle\Java\javapath;C:\Program Files (x86)\Intel\iCLS Client\;C:\Program Files\Intel\iCLS Client\;C:\Windows\system32;C:\Windows;C:\Windows\System32\Wbem;C:\Windows\System32\WindowsPowerShell\v1.0\;C:\Program Files (x86)\Intel\Intel(R) Management Engine Components\DAL;C:\Program Files\Intel\Intel(R) Management Engine Components\DAL;C:\Program Files (x86)\Intel\Intel(R) Management Engine Components\IPT;C:\Program Files\Intel\Intel(R) Management Engine Components\IPT;C:\Program Files (x86)\NVIDIA Corporation\PhysX\Common;C:\Program Files\nodejs\;C:\WINDOWS\system32;C:\WINDOWS;C:\WINDOWS\System32\Wbem;C:\WINDOWS\System32\WindowsPowerShell\v1.0\;C:\Program Files\Git\cmd;C:\Program Files\Java\jdk-10.0.1\bin;C:\Program Files\Java\jdk-10.0.1\jre\bin;D:\mysql-8.0.11-winx64\bin;C:\WINDOWS\System32\OpenSSH\;C:\Program Files\Microsoft VS Code\bin;C:\Program Files\apache-maven-3.5.4\bin;"C:\WINDOWS\system32;C:\WINDOWS;C:\WINDOWS\System32\Wbem;";D:\hadoop-2.8.5\bin;C:\Program Files (x86)\scala\bin;C:\Program Files (x86)\scala\bin;C:\Program Files (x86)\scala\jre\bin;C:\Users\79441\AppData\Local\Microsoft\WindowsApps;C:\Users\79441\AppData\Roaming\npm;C:\Program Files\Microsoft VS Code\bin;C:\Program Files\apache-maven-3.5.4;
USERNAME=79441
OS=Windows_NT
PROCESSOR_IDENTIFIER=Intel64 Family 6 Model 142 Stepping 10, GenuineIntel



---------------  S Y S T E M  ---------------

OS: Windows 10 , 64 bit Build 17134 (10.0.17134.1)

CPU:total 8 (initial active 8) (4 cores per cpu, 2 threads per core) family 6 model 142 stepping 10, cmov, cx8, fxsr, mmx, sse, sse2, sse3, ssse3, sse4.1, sse4.2, popcnt, avx, avx2, aes, clmul, erms, 3dnowpref, lzcnt, ht, tsc, tscinvbit, bmi1, bmi2, adx, fma

Memory: 4k page, physical 8295652k(3310572k free), swap 16902352k(3397624k free)

vm_info: Java HotSpot(TM) 64-Bit Server VM (10.0.1+10) for windows-amd64 JRE (10.0.1+10), built on Mar 27 2018 02:27:48 by "mach5one" with MS VC++ 12.0 (VS2013)

END.
