#
# A fatal error has been detected by the Java Runtime Environment:
#
#  Internal Error (t:/workspace/open/src/hotspot/share/oops/generateOopMap.cpp:2162), pid=12008, tid=14508
#  fatal error: Illegal class file encountered. Try running with -Xverify:all in method main
#
# JRE version: Java(TM) SE Runtime Environment (10.0.1+10) (build 10.0.1+10)
# Java VM: Java HotSpot(TM) 64-Bit Server VM (10.0.1+10, mixed mode, tiered, compressed oops, g1 gc, windows-amd64)
# No core dump will be written. Minidumps are not enabled by default on client versions of Windows
#
# If you would like to submit a bug report, please visit:
#   http://bugreport.java.com/bugreport/crash.jsp
#

---------------  S U M M A R Y ------------

Command Line: -agentlib:jdwp=transport=dt_socket,address=127.0.0.1:55379,suspend=y,server=n -javaagent:C:\Users\79441\AppData\Local\Temp\capture5106jars\debugger-agent.jar=file:/C:/Users/79441/AppData/Local/Temp/capture.props -Dfile.encoding=UTF-8 IForest

Host: Intel(R) Core(TM) i5-8250U CPU @ 1.60GHz, 8 cores, 7G,  Windows 10 , 64 bit Build 17134 (10.0.17134.1)
Time: Wed Jan 02 15:52:03 2019 ?D1¨²¡À¨º¡Á?¨º¡À?? elapsed time: 836 seconds (0d 0h 13m 56s)

---------------  T H R E A D  ---------------

Current thread (0x000002074b1a9000):  VMThread "VM Thread" [stack: 0x000000ac7b400000,0x000000ac7b500000] [id=14508]

Stack: [0x000000ac7b400000,0x000000ac7b500000]
[error occurred during error reporting (printing stack bounds), id 0xe0000000]

Native frames: (J=compiled Java code, j=interpreted, Vv=VM code, C=native code)
V  [jvm.dll+0x5a0369]
V  [jvm.dll+0x6bcf81]
V  [jvm.dll+0x6be176]
V  [jvm.dll+0x6be765]
V  [jvm.dll+0x6be71b]
V  [jvm.dll+0x59fb63]
V  [jvm.dll+0x59ff68]
C  [ntdll.dll+0x9f7dd]
C  [ntdll.dll+0xd856]
C  [ntdll.dll+0x9e70e]
C  0x00000207348a0ead

VM_Operation (0x000000ac7befefb0): GetOrSetLocal, mode: safepoint, requested by thread 0x000002074bdb2800


---------------  P R O C E S S  ---------------

Threads class SMR info:
_java_thread_list=0x000002074bdaecf0, length=15, elements={
0x0000020729517800, 0x000002074b1b1800, 0x000002074b1b2000, 0x000002074ba22000,
0x000002074ba22800, 0x000002074ba23800, 0x000002074b1bd800, 0x000002074ba30800,
0x000002074ba59800, 0x000002074ba6a800, 0x000002074bdb2800, 0x000002074beff000,
0x000002074c042800, 0x000002074bd2b800, 0x000002074bdaf800
}

Java Threads: ( => current thread )
  0x0000020729517800 JavaThread "main" [_thread_blocked, id=3480, stack(0x000000ac79f00000,0x000000ac7a000000)]
  0x000002074b1b1800 JavaThread "Reference Handler" daemon [_thread_blocked, id=9948, stack(0x000000ac7b500000,0x000000ac7b600000)]
  0x000002074b1b2000 JavaThread "Finalizer" daemon [_thread_blocked, id=7520, stack(0x000000ac7b600000,0x000000ac7b700000)]
  0x000002074ba22000 JavaThread "Signal Dispatcher" daemon [_thread_blocked, id=10792, stack(0x000000ac7b700000,0x000000ac7b800000)]
  0x000002074ba22800 JavaThread "Attach Listener" daemon [_thread_blocked, id=16140, stack(0x000000ac7b800000,0x000000ac7b900000)]
  0x000002074ba23800 JavaThread "C2 CompilerThread0" daemon [_thread_blocked, id=10824, stack(0x000000ac7b900000,0x000000ac7ba00000)]
  0x000002074b1bd800 JavaThread "C2 CompilerThread1" daemon [_thread_blocked, id=6020, stack(0x000000ac7ba00000,0x000000ac7bb00000)]
  0x000002074ba30800 JavaThread "C2 CompilerThread2" daemon [_thread_blocked, id=4040, stack(0x000000ac7bb00000,0x000000ac7bc00000)]
  0x000002074ba59800 JavaThread "C1 CompilerThread3" daemon [_thread_blocked, id=17244, stack(0x000000ac7bc00000,0x000000ac7bd00000)]
  0x000002074ba6a800 JavaThread "Sweeper thread" daemon [_thread_blocked, id=9700, stack(0x000000ac7bd00000,0x000000ac7be00000)]
  0x000002074bdb2800 JavaThread "JDWP Transport Listener: dt_socket" daemon [_thread_blocked, id=7448, stack(0x000000ac7be00000,0x000000ac7bf00000)] _threads_hazard_ptr=0x000002074bdaecf0
  0x000002074beff000 JavaThread "JDWP Event Helper Thread" daemon [_thread_blocked, id=7240, stack(0x000000ac7bf00000,0x000000ac7c000000)]
  0x000002074c042800 JavaThread "JDWP Command Reader" daemon [_thread_in_native, id=11596, stack(0x000000ac7c000000,0x000000ac7c100000)]
  0x000002074bd2b800 JavaThread "Common-Cleaner" daemon [_thread_blocked, id=13268, stack(0x000000ac7c100000,0x000000ac7c200000)]
  0x000002074bdaf800 JavaThread "Service Thread" daemon [_thread_blocked, id=4816, stack(0x000000ac7c200000,0x000000ac7c300000)]

Other Threads:
=>0x000002074b1a9000 VMThread "VM Thread" [stack: 0x000000ac7b400000,0x000000ac7b500000] [id=14508]
  0x000002074bd48800 WatcherThread [stack: 0x000000ac7c300000,0x000000ac7c400000] [id=8144]
  0x0000020729533000 GCTaskThread "GC Thread#0" [stack: 0x000000ac7a000000,0x000000ac7a100000] [id=11316]
  0x0000020729534800 GCTaskThread "GC Thread#1" [stack: 0x000000ac7a100000,0x000000ac7a200000] [id=16648]
  0x0000020729536000 GCTaskThread "GC Thread#2" [stack: 0x000000ac7a200000,0x000000ac7a300000] [id=6804]
  0x0000020729538000 GCTaskThread "GC Thread#3" [stack: 0x000000ac7a300000,0x000000ac7a400000] [id=8132]
  0x000002072953b000 GCTaskThread "GC Thread#4" [stack: 0x000000ac7a400000,0x000000ac7a500000] [id=6756]
  0x0000020729544000 GCTaskThread "GC Thread#5" [stack: 0x000000ac7a500000,0x000000ac7a600000] [id=5364]
  0x0000020729545000 GCTaskThread "GC Thread#6" [stack: 0x000000ac7a600000,0x000000ac7a700000] [id=16876]
  0x0000020729545800 GCTaskThread "GC Thread#7" [stack: 0x000000ac7a700000,0x000000ac7a800000] [id=4720]
  0x00000207295be000 ConcurrentGCThread "G1 Main Marker" [stack: 0x000000ac7a800000,0x000000ac7a900000] [id=4548]
  0x000002072953f800 ConcurrentGCThread "G1 Conc#0" [stack: 0x000000ac7a900000,0x000000ac7aa00000] [id=8248]
  0x0000020729540000 ConcurrentGCThread "G1 Conc#1" [stack: 0x000000ac7aa00000,0x000000ac7ab00000] [id=7380]
  0x000002074b019800 ConcurrentGCThread "G1 Refine#0" [stack: 0x000000ac7ab00000,0x000000ac7ac00000] [id=17112]
  0x000002074b01a000 ConcurrentGCThread "G1 Refine#1" [stack: 0x000000ac7ac00000,0x000000ac7ad00000] [id=16728]
  0x000002074b01d000 ConcurrentGCThread "G1 Refine#2" [stack: 0x000000ac7ad00000,0x000000ac7ae00000] [id=12076]
  0x000002074b01f800 ConcurrentGCThread "G1 Refine#3" [stack: 0x000000ac7ae00000,0x000000ac7af00000] [id=11732]
  0x000002074b022000 ConcurrentGCThread "G1 Refine#4" [stack: 0x000000ac7af00000,0x000000ac7b000000] [id=8264]
  0x000002074b02b800 ConcurrentGCThread "G1 Refine#5" [stack: 0x000000ac7b000000,0x000000ac7b100000] [id=15900]
  0x0000020729541000 ConcurrentGCThread "G1 Refine#6" [stack: 0x000000ac7b100000,0x000000ac7b200000] [id=540]
  0x0000020729541800 ConcurrentGCThread "G1 Refine#7" [stack: 0x000000ac7b200000,0x000000ac7b300000] [id=512]
  0x000002074b031000 ConcurrentGCThread "G1 Young RemSet Sampling" [stack: 0x000000ac7b300000,0x000000ac7b400000] [id=4308]

Threads with active compile tasks:

VM state:at safepoint (normal execution)

VM Mutex/Monitor currently owned by a thread:  ([mutex/lock_event])
[0x0000020729515b20] Threads_lock - owner thread: 0x000002074b1a9000

Heap address: 0x0000000081600000, size: 2026 MB, Compressed Oops mode: 32-bit
Narrow klass base: 0x0000000000000000, Narrow klass shift: 3
Compressed class space size: 1073741824 Address: 0x0000000100000000

Heap:
 garbage-first heap   total 131072K, used 7168K [0x0000000081600000, 0x0000000100000000)
  region size 1024K, 8 young (8192K), 0 survivors (0K)
 Metaspace       used 7099K, capacity 7302K, committed 7424K, reserved 1056768K
  class space    used 590K, capacity 672K, committed 768K, reserved 1048576K
Heap Regions: E=young(eden), S=young(survivor), O=old, HS=humongous(starts), HC=humongous(continues), CS=collection set, F=free, A=archive, TS=gc time stamp, AC=allocation context, TAMS=top-at-mark-start (previous, next)
|   0|0x0000000081600000, 0x0000000081600000, 0x0000000081700000|  0%| F|  |TS  0|AC  0|TAMS 0x0000000081600000, 0x0000000081600000|
|   1|0x0000000081700000, 0x0000000081700000, 0x0000000081800000|  0%| F|  |TS  0|AC  0|TAMS 0x0000000081700000, 0x0000000081700000|
|   2|0x0000000081800000, 0x0000000081800000, 0x0000000081900000|  0%| F|  |TS  0|AC  0|TAMS 0x0000000081800000, 0x0000000081800000|
|   3|0x0000000081900000, 0x0000000081900000, 0x0000000081a00000|  0%| F|  |TS  0|AC  0|TAMS 0x0000000081900000, 0x0000000081900000|
|   4|0x0000000081a00000, 0x0000000081a00000, 0x0000000081b00000|  0%| F|  |TS  0|AC  0|TAMS 0x0000000081a00000, 0x0000000081a00000|
|   5|0x0000000081b00000, 0x0000000081b00000, 0x0000000081c00000|  0%| F|  |TS  0|AC  0|TAMS 0x0000000081b00000, 0x0000000081b00000|
|   6|0x0000000081c00000, 0x0000000081c00000, 0x0000000081d00000|  0%| F|  |TS  0|AC  0|TAMS 0x0000000081c00000, 0x0000000081c00000|
|   7|0x0000000081d00000, 0x0000000081d00000, 0x0000000081e00000|  0%| F|  |TS  0|AC  0|TAMS 0x0000000081d00000, 0x0000000081d00000|
|   8|0x0000000081e00000, 0x0000000081e00000, 0x0000000081f00000|  0%| F|  |TS  0|AC  0|TAMS 0x0000000081e00000, 0x0000000081e00000|
|   9|0x0000000081f00000, 0x0000000081f00000, 0x0000000082000000|  0%| F|  |TS  0|AC  0|TAMS 0x0000000081f00000, 0x0000000081f00000|
|  10|0x0000000082000000, 0x0000000082000000, 0x0000000082100000|  0%| F|  |TS  0|AC  0|TAMS 0x0000000082000000, 0x0000000082000000|
|  11|0x0000000082100000, 0x0000000082100000, 0x0000000082200000|  0%| F|  |TS  0|AC  0|TAMS 0x0000000082100000, 0x0000000082100000|
|  12|0x0000000082200000, 0x0000000082200000, 0x0000000082300000|  0%| F|  |TS  0|AC  0|TAMS 0x0000000082200000, 0x0000000082200000|
|  13|0x0000000082300000, 0x0000000082300000, 0x0000000082400000|  0%| F|  |TS  0|AC  0|TAMS 0x0000000082300000, 0x0000000082300000|
|  14|0x0000000082400000, 0x0000000082400000, 0x0000000082500000|  0%| F|  |TS  0|AC  0|TAMS 0x0000000082400000, 0x0000000082400000|
|  15|0x0000000082500000, 0x0000000082500000, 0x0000000082600000|  0%| F|  |TS  0|AC  0|TAMS 0x0000000082500000, 0x0000000082500000|
|  16|0x0000000082600000, 0x0000000082600000, 0x0000000082700000|  0%| F|  |TS  0|AC  0|TAMS 0x0000000082600000, 0x0000000082600000|
|  17|0x0000000082700000, 0x0000000082700000, 0x0000000082800000|  0%| F|  |TS  0|AC  0|TAMS 0x0000000082700000, 0x0000000082700000|
|  18|0x0000000082800000, 0x0000000082800000, 0x0000000082900000|  0%| F|  |TS  0|AC  0|TAMS 0x0000000082800000, 0x0000000082800000|
|  19|0x0000000082900000, 0x0000000082900000, 0x0000000082a00000|  0%| F|  |TS  0|AC  0|TAMS 0x0000000082900000, 0x0000000082900000|
|  20|0x0000000082a00000, 0x0000000082a00000, 0x0000000082b00000|  0%| F|  |TS  0|AC  0|TAMS 0x0000000082a00000, 0x0000000082a00000|
|  21|0x0000000082b00000, 0x0000000082b00000, 0x0000000082c00000|  0%| F|  |TS  0|AC  0|TAMS 0x0000000082b00000, 0x0000000082b00000|
|  22|0x0000000082c00000, 0x0000000082c00000, 0x0000000082d00000|  0%| F|  |TS  0|AC  0|TAMS 0x0000000082c00000, 0x0000000082c00000|
|  23|0x0000000082d00000, 0x0000000082d00000, 0x0000000082e00000|  0%| F|  |TS  0|AC  0|TAMS 0x0000000082d00000, 0x0000000082d00000|
|  24|0x0000000082e00000, 0x0000000082e00000, 0x0000000082f00000|  0%| F|  |TS  0|AC  0|TAMS 0x0000000082e00000, 0x0000000082e00000|
|  25|0x0000000082f00000, 0x0000000082f00000, 0x0000000083000000|  0%| F|  |TS  0|AC  0|TAMS 0x0000000082f00000, 0x0000000082f00000|
|  26|0x0000000083000000, 0x0000000083000000, 0x0000000083100000|  0%| F|  |TS  0|AC  0|TAMS 0x0000000083000000, 0x0000000083000000|
|  27|0x0000000083100000, 0x0000000083100000, 0x0000000083200000|  0%| F|  |TS  0|AC  0|TAMS 0x0000000083100000, 0x0000000083100000|
|  28|0x0000000083200000, 0x0000000083200000, 0x0000000083300000|  0%| F|  |TS  0|AC  0|TAMS 0x0000000083200000, 0x0000000083200000|
|  29|0x0000000083300000, 0x0000000083300000, 0x0000000083400000|  0%| F|  |TS  0|AC  0|TAMS 0x0000000083300000, 0x0000000083300000|
|  30|0x0000000083400000, 0x0000000083400000, 0x0000000083500000|  0%| F|  |TS  0|AC  0|TAMS 0x0000000083400000, 0x0000000083400000|
|  31|0x0000000083500000, 0x0000000083500000, 0x0000000083600000|  0%| F|  |TS  0|AC  0|TAMS 0x0000000083500000, 0x0000000083500000|
|  32|0x0000000083600000, 0x0000000083600000, 0x0000000083700000|  0%| F|  |TS  0|AC  0|TAMS 0x0000000083600000, 0x0000000083600000|
|  33|0x0000000083700000, 0x0000000083700000, 0x0000000083800000|  0%| F|  |TS  0|AC  0|TAMS 0x0000000083700000, 0x0000000083700000|
|  34|0x0000000083800000, 0x0000000083800000, 0x0000000083900000|  0%| F|  |TS  0|AC  0|TAMS 0x0000000083800000, 0x0000000083800000|
|  35|0x0000000083900000, 0x0000000083900000, 0x0000000083a00000|  0%| F|  |TS  0|AC  0|TAMS 0x0000000083900000, 0x0000000083900000|
|  36|0x0000000083a00000, 0x0000000083a00000, 0x0000000083b00000|  0%| F|  |TS  0|AC  0|TAMS 0x0000000083a00000, 0x0000000083a00000|
|  37|0x0000000083b00000, 0x0000000083b00000, 0x0000000083c00000|  0%| F|  |TS  0|AC  0|TAMS 0x0000000083b00000, 0x0000000083b00000|
|  38|0x0000000083c00000, 0x0000000083c00000, 0x0000000083d00000|  0%| F|  |TS  0|AC  0|TAMS 0x0000000083c00000, 0x0000000083c00000|
|  39|0x0000000083d00000, 0x0000000083d00000, 0x0000000083e00000|  0%| F|  |TS  0|AC  0|TAMS 0x0000000083d00000, 0x0000000083d00000|
|  40|0x0000000083e00000, 0x0000000083e00000, 0x0000000083f00000|  0%| F|  |TS  0|AC  0|TAMS 0x0000000083e00000, 0x0000000083e00000|
|  41|0x0000000083f00000, 0x0000000083f00000, 0x0000000084000000|  0%| F|  |TS  0|AC  0|TAMS 0x0000000083f00000, 0x0000000083f00000|
|  42|0x0000000084000000, 0x0000000084000000, 0x0000000084100000|  0%| F|  |TS  0|AC  0|TAMS 0x0000000084000000, 0x0000000084000000|
|  43|0x0000000084100000, 0x0000000084100000, 0x0000000084200000|  0%| F|  |TS  0|AC  0|TAMS 0x0000000084100000, 0x0000000084100000|
|  44|0x0000000084200000, 0x0000000084200000, 0x0000000084300000|  0%| F|  |TS  0|AC  0|TAMS 0x0000000084200000, 0x0000000084200000|
|  45|0x0000000084300000, 0x0000000084300000, 0x0000000084400000|  0%| F|  |TS  0|AC  0|TAMS 0x0000000084300000, 0x0000000084300000|
|  46|0x0000000084400000, 0x0000000084400000, 0x0000000084500000|  0%| F|  |TS  0|AC  0|TAMS 0x0000000084400000, 0x0000000084400000|
|  47|0x0000000084500000, 0x0000000084500000, 0x0000000084600000|  0%| F|  |TS  0|AC  0|TAMS 0x0000000084500000, 0x0000000084500000|
|  48|0x0000000084600000, 0x0000000084600000, 0x0000000084700000|  0%| F|  |TS  0|AC  0|TAMS 0x0000000084600000, 0x0000000084600000|
|  49|0x0000000084700000, 0x0000000084700000, 0x0000000084800000|  0%| F|  |TS  0|AC  0|TAMS 0x0000000084700000, 0x0000000084700000|
|  50|0x0000000084800000, 0x0000000084800000, 0x0000000084900000|  0%| F|  |TS  0|AC  0|TAMS 0x0000000084800000, 0x0000000084800000|
|  51|0x0000000084900000, 0x0000000084900000, 0x0000000084a00000|  0%| F|  |TS  0|AC  0|TAMS 0x0000000084900000, 0x0000000084900000|
|  52|0x0000000084a00000, 0x0000000084a00000, 0x0000000084b00000|  0%| F|  |TS  0|AC  0|TAMS 0x0000000084a00000, 0x0000000084a00000|
|  53|0x0000000084b00000, 0x0000000084b00000, 0x0000000084c00000|  0%| F|  |TS  0|AC  0|TAMS 0x0000000084b00000, 0x0000000084b00000|
|  54|0x0000000084c00000, 0x0000000084c00000, 0x0000000084d00000|  0%| F|  |TS  0|AC  0|TAMS 0x0000000084c00000, 0x0000000084c00000|
|  55|0x0000000084d00000, 0x0000000084d00000, 0x0000000084e00000|  0%| F|  |TS  0|AC  0|TAMS 0x0000000084d00000, 0x0000000084d00000|
|  56|0x0000000084e00000, 0x0000000084e00000, 0x0000000084f00000|  0%| F|  |TS  0|AC  0|TAMS 0x0000000084e00000, 0x0000000084e00000|
|  57|0x0000000084f00000, 0x0000000084f00000, 0x0000000085000000|  0%| F|  |TS  0|AC  0|TAMS 0x0000000084f00000, 0x0000000084f00000|
|  58|0x0000000085000000, 0x0000000085000000, 0x0000000085100000|  0%| F|  |TS  0|AC  0|TAMS 0x0000000085000000, 0x0000000085000000|
|  59|0x0000000085100000, 0x0000000085100000, 0x0000000085200000|  0%| F|  |TS  0|AC  0|TAMS 0x0000000085100000, 0x0000000085100000|
|  60|0x0000000085200000, 0x0000000085200000, 0x0000000085300000|  0%| F|  |TS  0|AC  0|TAMS 0x0000000085200000, 0x0000000085200000|
|  61|0x0000000085300000, 0x0000000085300000, 0x0000000085400000|  0%| F|  |TS  0|AC  0|TAMS 0x0000000085300000, 0x0000000085300000|
|  62|0x0000000085400000, 0x0000000085400000, 0x0000000085500000|  0%| F|  |TS  0|AC  0|TAMS 0x0000000085400000, 0x0000000085400000|
|  63|0x0000000085500000, 0x0000000085500000, 0x0000000085600000|  0%| F|  |TS  0|AC  0|TAMS 0x0000000085500000, 0x0000000085500000|
|  64|0x0000000085600000, 0x0000000085600000, 0x0000000085700000|  0%| F|  |TS  0|AC  0|TAMS 0x0000000085600000, 0x0000000085600000|
|  65|0x0000000085700000, 0x0000000085700000, 0x0000000085800000|  0%| F|  |TS  0|AC  0|TAMS 0x0000000085700000, 0x0000000085700000|
|  66|0x0000000085800000, 0x0000000085800000, 0x0000000085900000|  0%| F|  |TS  0|AC  0|TAMS 0x0000000085800000, 0x0000000085800000|
|  67|0x0000000085900000, 0x0000000085900000, 0x0000000085a00000|  0%| F|  |TS  0|AC  0|TAMS 0x0000000085900000, 0x0000000085900000|
|  68|0x0000000085a00000, 0x0000000085a00000, 0x0000000085b00000|  0%| F|  |TS  0|AC  0|TAMS 0x0000000085a00000, 0x0000000085a00000|
|  69|0x0000000085b00000, 0x0000000085b00000, 0x0000000085c00000|  0%| F|  |TS  0|AC  0|TAMS 0x0000000085b00000, 0x0000000085b00000|
|  70|0x0000000085c00000, 0x0000000085c00000, 0x0000000085d00000|  0%| F|  |TS  0|AC  0|TAMS 0x0000000085c00000, 0x0000000085c00000|
|  71|0x0000000085d00000, 0x0000000085d00000, 0x0000000085e00000|  0%| F|  |TS  0|AC  0|TAMS 0x0000000085d00000, 0x0000000085d00000|
|  72|0x0000000085e00000, 0x0000000085e00000, 0x0000000085f00000|  0%| F|  |TS  0|AC  0|TAMS 0x0000000085e00000, 0x0000000085e00000|
|  73|0x0000000085f00000, 0x0000000085f00000, 0x0000000086000000|  0%| F|  |TS  0|AC  0|TAMS 0x0000000085f00000, 0x0000000085f00000|
|  74|0x0000000086000000, 0x0000000086000000, 0x0000000086100000|  0%| F|  |TS  0|AC  0|TAMS 0x0000000086000000, 0x0000000086000000|
|  75|0x0000000086100000, 0x0000000086100000, 0x0000000086200000|  0%| F|  |TS  0|AC  0|TAMS 0x0000000086100000, 0x0000000086100000|
|  76|0x0000000086200000, 0x0000000086200000, 0x0000000086300000|  0%| F|  |TS  0|AC  0|TAMS 0x0000000086200000, 0x0000000086200000|
|  77|0x0000000086300000, 0x0000000086300000, 0x0000000086400000|  0%| F|  |TS  0|AC  0|TAMS 0x0000000086300000, 0x0000000086300000|
|  78|0x0000000086400000, 0x0000000086400000, 0x0000000086500000|  0%| F|  |TS  0|AC  0|TAMS 0x0000000086400000, 0x0000000086400000|
|  79|0x0000000086500000, 0x0000000086500000, 0x0000000086600000|  0%| F|  |TS  0|AC  0|TAMS 0x0000000086500000, 0x0000000086500000|
|  80|0x0000000086600000, 0x0000000086600000, 0x0000000086700000|  0%| F|  |TS  0|AC  0|TAMS 0x0000000086600000, 0x0000000086600000|
|  81|0x0000000086700000, 0x0000000086700000, 0x0000000086800000|  0%| F|  |TS  0|AC  0|TAMS 0x0000000086700000, 0x0000000086700000|
|  82|0x0000000086800000, 0x0000000086800000, 0x0000000086900000|  0%| F|  |TS  0|AC  0|TAMS 0x0000000086800000, 0x0000000086800000|
|  83|0x0000000086900000, 0x0000000086900000, 0x0000000086a00000|  0%| F|  |TS  0|AC  0|TAMS 0x0000000086900000, 0x0000000086900000|
|  84|0x0000000086a00000, 0x0000000086a00000, 0x0000000086b00000|  0%| F|  |TS  0|AC  0|TAMS 0x0000000086a00000, 0x0000000086a00000|
|  85|0x0000000086b00000, 0x0000000086b00000, 0x0000000086c00000|  0%| F|  |TS  0|AC  0|TAMS 0x0000000086b00000, 0x0000000086b00000|
|  86|0x0000000086c00000, 0x0000000086c00000, 0x0000000086d00000|  0%| F|  |TS  0|AC  0|TAMS 0x0000000086c00000, 0x0000000086c00000|
|  87|0x0000000086d00000, 0x0000000086d00000, 0x0000000086e00000|  0%| F|  |TS  0|AC  0|TAMS 0x0000000086d00000, 0x0000000086d00000|
|  88|0x0000000086e00000, 0x0000000086e00000, 0x0000000086f00000|  0%| F|  |TS  0|AC  0|TAMS 0x0000000086e00000, 0x0000000086e00000|
|  89|0x0000000086f00000, 0x0000000086f00000, 0x0000000087000000|  0%| F|  |TS  0|AC  0|TAMS 0x0000000086f00000, 0x0000000086f00000|
|  90|0x0000000087000000, 0x0000000087000000, 0x0000000087100000|  0%| F|  |TS  0|AC  0|TAMS 0x0000000087000000, 0x0000000087000000|
|  91|0x0000000087100000, 0x0000000087100000, 0x0000000087200000|  0%| F|  |TS  0|AC  0|TAMS 0x0000000087100000, 0x0000000087100000|
|  92|0x0000000087200000, 0x0000000087200000, 0x0000000087300000|  0%| F|  |TS  0|AC  0|TAMS 0x0000000087200000, 0x0000000087200000|
|  93|0x0000000087300000, 0x0000000087300000, 0x0000000087400000|  0%| F|  |TS  0|AC  0|TAMS 0x0000000087300000, 0x0000000087300000|
|  94|0x0000000087400000, 0x0000000087400000, 0x0000000087500000|  0%| F|  |TS  0|AC  0|TAMS 0x0000000087400000, 0x0000000087400000|
|  95|0x0000000087500000, 0x0000000087500000, 0x0000000087600000|  0%| F|  |TS  0|AC  0|TAMS 0x0000000087500000, 0x0000000087500000|
|  96|0x0000000087600000, 0x0000000087600000, 0x0000000087700000|  0%| F|  |TS  0|AC  0|TAMS 0x0000000087600000, 0x0000000087600000|
|  97|0x0000000087700000, 0x0000000087700000, 0x0000000087800000|  0%| F|  |TS  0|AC  0|TAMS 0x0000000087700000, 0x0000000087700000|
|  98|0x0000000087800000, 0x0000000087800000, 0x0000000087900000|  0%| F|  |TS  0|AC  0|TAMS 0x0000000087800000, 0x0000000087800000|
|  99|0x0000000087900000, 0x0000000087900000, 0x0000000087a00000|  0%| F|  |TS  0|AC  0|TAMS 0x0000000087900000, 0x0000000087900000|
| 100|0x0000000087a00000, 0x0000000087a00000, 0x0000000087b00000|  0%| F|  |TS  0|AC  0|TAMS 0x0000000087a00000, 0x0000000087a00000|
| 101|0x0000000087b00000, 0x0000000087b00000, 0x0000000087c00000|  0%| F|  |TS  0|AC  0|TAMS 0x0000000087b00000, 0x0000000087b00000|
| 102|0x0000000087c00000, 0x0000000087c00000, 0x0000000087d00000|  0%| F|  |TS  0|AC  0|TAMS 0x0000000087c00000, 0x0000000087c00000|
| 103|0x0000000087d00000, 0x0000000087d00000, 0x0000000087e00000|  0%| F|  |TS  0|AC  0|TAMS 0x0000000087d00000, 0x0000000087d00000|
| 104|0x0000000087e00000, 0x0000000087e00000, 0x0000000087f00000|  0%| F|  |TS  0|AC  0|TAMS 0x0000000087e00000, 0x0000000087e00000|
| 105|0x0000000087f00000, 0x0000000087f00000, 0x0000000088000000|  0%| F|  |TS  0|AC  0|TAMS 0x0000000087f00000, 0x0000000087f00000|
| 106|0x0000000088000000, 0x0000000088000000, 0x0000000088100000|  0%| F|  |TS  0|AC  0|TAMS 0x0000000088000000, 0x0000000088000000|
| 107|0x0000000088100000, 0x0000000088100000, 0x0000000088200000|  0%| F|  |TS  0|AC  0|TAMS 0x0000000088100000, 0x0000000088100000|
| 108|0x0000000088200000, 0x0000000088200000, 0x0000000088300000|  0%| F|  |TS  0|AC  0|TAMS 0x0000000088200000, 0x0000000088200000|
| 109|0x0000000088300000, 0x0000000088300000, 0x0000000088400000|  0%| F|  |TS  0|AC  0|TAMS 0x0000000088300000, 0x0000000088300000|
| 110|0x0000000088400000, 0x0000000088400000, 0x0000000088500000|  0%| F|  |TS  0|AC  0|TAMS 0x0000000088400000, 0x0000000088400000|
| 111|0x0000000088500000, 0x0000000088500000, 0x0000000088600000|  0%| F|  |TS  0|AC  0|TAMS 0x0000000088500000, 0x0000000088500000|
| 112|0x0000000088600000, 0x0000000088600000, 0x0000000088700000|  0%| F|  |TS  0|AC  0|TAMS 0x0000000088600000, 0x0000000088600000|
| 113|0x0000000088700000, 0x0000000088700000, 0x0000000088800000|  0%| F|  |TS  0|AC  0|TAMS 0x0000000088700000, 0x0000000088700000|
| 114|0x0000000088800000, 0x0000000088800000, 0x0000000088900000|  0%| F|  |TS  0|AC  0|TAMS 0x0000000088800000, 0x0000000088800000|
| 115|0x0000000088900000, 0x0000000088900000, 0x0000000088a00000|  0%| F|  |TS  0|AC  0|TAMS 0x0000000088900000, 0x0000000088900000|
| 116|0x0000000088a00000, 0x0000000088a00000, 0x0000000088b00000|  0%| F|  |TS  0|AC  0|TAMS 0x0000000088a00000, 0x0000000088a00000|
| 117|0x0000000088b00000, 0x0000000088b00000, 0x0000000088c00000|  0%| F|  |TS  0|AC  0|TAMS 0x0000000088b00000, 0x0000000088b00000|
| 118|0x0000000088c00000, 0x0000000088c00000, 0x0000000088d00000|  0%| F|  |TS  0|AC  0|TAMS 0x0000000088c00000, 0x0000000088c00000|
| 119|0x0000000088d00000, 0x0000000088d00000, 0x0000000088e00000|  0%| F|  |TS  0|AC  0|TAMS 0x0000000088d00000, 0x0000000088d00000|
| 120|0x0000000088e00000, 0x0000000088ef64f8, 0x0000000088f00000| 96%| E|  |TS  0|AC  0|TAMS 0x0000000088e00000, 0x0000000088e00000|
| 121|0x0000000088f00000, 0x0000000089000000, 0x0000000089000000|100%| E|CS|TS  0|AC  0|TAMS 0x0000000088f00000, 0x0000000088f00000|
| 122|0x0000000089000000, 0x0000000089100000, 0x0000000089100000|100%| E|CS|TS  0|AC  0|TAMS 0x0000000089000000, 0x0000000089000000|
| 123|0x0000000089100000, 0x0000000089200000, 0x0000000089200000|100%| E|CS|TS  0|AC  0|TAMS 0x0000000089100000, 0x0000000089100000|
| 124|0x0000000089200000, 0x0000000089300000, 0x0000000089300000|100%| E|CS|TS  0|AC  0|TAMS 0x0000000089200000, 0x0000000089200000|
| 125|0x0000000089300000, 0x0000000089400000, 0x0000000089400000|100%| E|CS|TS  0|AC  0|TAMS 0x0000000089300000, 0x0000000089300000|
| 126|0x0000000089400000, 0x0000000089500000, 0x0000000089500000|100%| E|CS|TS  0|AC  0|TAMS 0x0000000089400000, 0x0000000089400000|
| 127|0x0000000089500000, 0x0000000089600000, 0x0000000089600000|100%| E|CS|TS  0|AC  0|TAMS 0x0000000089500000, 0x0000000089500000|

Card table byte_map: [0x0000020743fd0000,0x00000207443d0000] byte_map_base: 0x0000020743bc5000

Marking Bits (Prev, Next): (CMBitMap*) 0x00000207295bd7d0, (CMBitMap*) 0x00000207295bd808
 Prev Bits: [0x00000207447d0000, 0x0000020746778000)
 Next Bits: [0x0000020746780000, 0x0000020748728000)

Polling page: 0x0000020727010000

CodeHeap 'non-profiled nmethods': size=120000Kb used=227Kb max_used=227Kb free=119773Kb
 bounds [0x000002073c370000, 0x000002073c5e0000, 0x00000207438a0000]
CodeHeap 'profiled nmethods': size=120000Kb used=992Kb max_used=992Kb free=119007Kb
 bounds [0x0000020734e40000, 0x00000207350b0000, 0x000002073c370000]
CodeHeap 'non-nmethods': size=5760Kb used=1151Kb max_used=1163Kb free=4608Kb
 bounds [0x00000207348a0000, 0x0000020734b10000, 0x0000020734e40000]
 total_blobs=1115 nmethods=617 adapters=287
 compilation: enabled

Compilation events (10 events):
Event: 0.462 Thread 0x000002074ba59800 nmethod 613 0x0000020734f37090 code [0x0000020734f37260, 0x0000020734f37580]
Event: 0.462 Thread 0x000002074ba59800  614       3       jdk.internal.math.FloatingDecimal::appendTo (11 bytes)
Event: 0.462 Thread 0x000002074ba59800 nmethod 614 0x0000020734f37710 code [0x0000020734f378e0, 0x0000020734f37b80]
Event: 0.462 Thread 0x000002074ba59800  615       3       jdk.internal.math.FloatingDecimal$BinaryToASCIIBuffer::roundup (104 bytes)
Event: 0.462 Thread 0x000002074ba59800 nmethod 615 0x0000020734f37c90 code [0x0000020734f37e60, 0x0000020734f381d8]
Event: 0.466 Thread 0x000002074b1bd800 nmethod 612 0x000002073c3a2590 code [0x000002073c3a2740, 0x000002073c3a2c58]
Event: 0.466 Thread 0x000002074b1bd800  618       4       java.lang.StringBuilder::append (8 bytes)
Event: 0.474 Thread 0x000002074b1bd800 nmethod 618 0x000002073c3a2e90 code [0x000002073c3a3060, 0x000002073c3a35f8]
Event: 0.484 Thread 0x000002074ba23800 nmethod 578 0x000002073c3a3910 code [0x000002073c3a3c60, 0x000002073c3a5788]
Event: 0.490 Thread 0x000002074ba30800 nmethod 616 0x000002073c3a6410 code [0x000002073c3a6620, 0x000002073c3a7e78]

GC Heap History (0 events):
No events

Deoptimization events (3 events):
Event: 0.139 Thread 0x0000020729517800 Uncommon trap: reason=unstable_if action=reinterpret pc=0x000002073c377b80 method=java.util.AbstractCollection.isEmpty()Z @ 4 c2
Event: 0.177 Thread 0x0000020729517800 Uncommon trap: reason=unstable_if action=reinterpret pc=0x000002073c373e88 method=java.lang.String.hashCode()I @ 14 c2
Event: 0.300 Thread 0x0000020729517800 Uncommon trap: reason=unstable_if action=reinterpret pc=0x000002073c381efc method=java.lang.String.charAt(I)C @ 4 c2

Classes redefined (6 events):
Event: 241.175 Thread 0x000002074b1a9000 redefined class name=IForest, count=1
Event: 241.177 Thread 0x000002074b1a9000 redefined class name=IForest$Node, count=1
Event: 393.056 Thread 0x000002074b1a9000 redefined class name=IForest, count=2
Event: 393.058 Thread 0x000002074b1a9000 redefined class name=IForest$Node, count=2
Event: 835.868 Thread 0x000002074b1a9000 redefined class name=IForest, count=3
Event: 835.870 Thread 0x000002074b1a9000 redefined class name=IForest$Node, count=3

Internal exceptions (10 events):
Event: 0.377 Thread 0x0000020729517800 Exception <a 'java/lang/NoSuchMethodError'{0x0000000089026258}: java.lang.invoke.DirectMethodHandle$Holder.invokeStatic(Ljava/lang/Object;Ljava/lang/Object;Ljava/lang/Object;Ljava/lang/Object;Ljava/lang/Object;Ljava/lang/Object;Ljava/lang/Object;Ljava/lan
Event: 0.381 Thread 0x0000020729517800 Exception <a 'java/lang/NoSuchMethodError'{0x000000008903ef68}: java.lang.invoke.DirectMethodHandle$Holder.invokeStatic(Ljava/lang/Object;Ljava/lang/Object;Ljava/lang/Object;Ljava/lang/Object;Ljava/lang/Object;Ljava/lang/Object;Ljava/lang/Object;Ljava/lan
Event: 0.383 Thread 0x0000020729517800 Exception <a 'java/lang/NoSuchMethodError'{0x000000008904eb68}: java.lang.invoke.DirectMethodHandle$Holder.invokeSpecial(Ljava/lang/Object;Ljava/lang/Object;IIILjava/lang/Object;Ljava/lang/Object;Ljava/lang/Object;)Ljava/lang/Object;> (0x000000008904eb68)
Event: 0.384 Thread 0x0000020729517800 Exception <a 'java/lang/NoSuchMethodError'{0x0000000089052078}: java.lang.invoke.DelegatingMethodHandle$Holder.reinvoke_L(Ljava/lang/Object;IIILjava/lang/Object;Ljava/lang/Object;Ljava/lang/Object;)Ljava/lang/Object;> (0x0000000089052078) thrown at [t:/wo
Event: 0.386 Thread 0x0000020729517800 Exception <a 'java/lang/NoSuchMethodError'{0x000000008905a7b0}: java.lang.invoke.DirectMethodHandle$Holder.invokeStatic(Ljava/lang/Object;Ljava/lang/Object;Ljava/lang/Object;Ljava/lang/Object;Ljava/lang/Object;I)Ljava/lang/Object;> (0x000000008905a7b0) th
Event: 0.390 Thread 0x0000020729517800 Exception <a 'java/lang/NoSuchMethodError'{0x0000000089077580}: method resolution failed> (0x0000000089077580) thrown at [t:/workspace/open/src/hotspot/share/prims/methodHandles.cpp, line 1226]
Event: 0.394 Thread 0x0000020729517800 Exception <a 'java/lang/NoSuchMethodError'{0x00000000890903b8}: method resolution failed> (0x00000000890903b8) thrown at [t:/workspace/open/src/hotspot/share/prims/methodHandles.cpp, line 1226]
Event: 0.397 Thread 0x0000020729517800 Exception <a 'java/lang/NoSuchMethodError'{0x00000000890ab628}: method resolution failed> (0x00000000890ab628) thrown at [t:/workspace/open/src/hotspot/share/prims/methodHandles.cpp, line 1226]
Event: 0.400 Thread 0x0000020729517800 Exception <a 'java/lang/NoSuchMethodError'{0x00000000890c80b0}: method resolution failed> (0x00000000890c80b0) thrown at [t:/workspace/open/src/hotspot/share/prims/methodHandles.cpp, line 1226]
Event: 0.402 Thread 0x0000020729517800 Exception <a 'java/lang/NoSuchMethodError'{0x00000000890d3180}: method resolution failed> (0x00000000890d3180) thrown at [t:/workspace/open/src/hotspot/share/prims/methodHandles.cpp, line 1226]

Events (10 events):
Event: 835.871 Executing VM operation: RedefineClasses done
Event: 835.871 Executing VM operation: GetFrameCount
Event: 835.871 Executing VM operation: GetFrameCount done
Event: 835.871 Executing VM operation: GetFrameCount
Event: 835.871 Executing VM operation: GetFrameCount done
Event: 835.871 Executing VM operation: GetFrameLocation
Event: 835.871 Executing VM operation: GetFrameLocation done
Event: 835.974 Executing VM operation: ChangeBreakpoints
Event: 835.975 Executing VM operation: ChangeBreakpoints done
Event: 836.069 Executing VM operation: GetOrSetLocal


Dynamic libraries:
0x00007ff6e9d70000 - 0x00007ff6e9dae000 	C:\Program Files\Java\jdk-10.0.1\bin\java.exe
0x00007ffc0baa0000 - 0x00007ffc0bc81000 	C:\WINDOWS\SYSTEM32\ntdll.dll
0x00007ffc0b4e0000 - 0x00007ffc0b592000 	C:\WINDOWS\System32\KERNEL32.DLL
0x00007ffc08180000 - 0x00007ffc083f3000 	C:\WINDOWS\System32\KERNELBASE.dll
0x00007ffc0ae30000 - 0x00007ffc0aed1000 	C:\WINDOWS\System32\ADVAPI32.dll
0x00007ffc0ad90000 - 0x00007ffc0ae2e000 	C:\WINDOWS\System32\msvcrt.dll
0x00007ffc08fe0000 - 0x00007ffc0903b000 	C:\WINDOWS\System32\sechost.dll
0x00007ffc0b610000 - 0x00007ffc0b734000 	C:\WINDOWS\System32\RPCRT4.dll
0x00007ffc0aac0000 - 0x00007ffc0ac50000 	C:\WINDOWS\System32\USER32.dll
0x00007ffc07e70000 - 0x00007ffc07e90000 	C:\WINDOWS\System32\win32u.dll
0x00007ffc0aee0000 - 0x00007ffc0af08000 	C:\WINDOWS\System32\GDI32.dll
0x00007ffc08d90000 - 0x00007ffc08f22000 	C:\WINDOWS\System32\gdi32full.dll
0x00007ffc080e0000 - 0x00007ffc0817f000 	C:\WINDOWS\System32\msvcp_win.dll
0x00007ffc08450000 - 0x00007ffc0854a000 	C:\WINDOWS\System32\ucrtbase.dll
0x00007ffbf8590000 - 0x00007ffbf87f9000 	C:\WINDOWS\WinSxS\amd64_microsoft.windows.common-controls_6595b64144ccf1df_6.0.17134.472_none_fb3f9af53068156d\COMCTL32.dll
0x00007ffc0a5e0000 - 0x00007ffc0a902000 	C:\WINDOWS\System32\combase.dll
0x00007ffc02890000 - 0x00007ffc0289a000 	C:\WINDOWS\SYSTEM32\VERSION.dll
0x00007ffc08550000 - 0x00007ffc085ca000 	C:\WINDOWS\System32\bcryptPrimitives.dll
0x00007ffc0b4b0000 - 0x00007ffc0b4dd000 	C:\WINDOWS\System32\IMM32.DLL
0x00007ffbed4d0000 - 0x00007ffbed5bf000 	C:\Program Files\Java\jdk-10.0.1\bin\msvcr120.dll
0x00007ffbeb970000 - 0x00007ffbeba16000 	C:\Program Files\Java\jdk-10.0.1\bin\msvcp120.dll
0x0000000055590000 - 0x0000000056000000 	C:\Program Files\Java\jdk-10.0.1\bin\server\jvm.dll
0x00007ffc0b740000 - 0x00007ffc0b748000 	C:\WINDOWS\System32\PSAPI.DLL
0x00007ffc041c0000 - 0x00007ffc041e3000 	C:\WINDOWS\SYSTEM32\WINMM.dll
0x00007ffbf9330000 - 0x00007ffbf9339000 	C:\WINDOWS\SYSTEM32\WSOCK32.dll
0x00007ffc0b5a0000 - 0x00007ffc0b60c000 	C:\WINDOWS\System32\WS2_32.dll
0x00007ffc04190000 - 0x00007ffc041ba000 	C:\WINDOWS\SYSTEM32\winmmbase.dll
0x00007ffc08400000 - 0x00007ffc08449000 	C:\WINDOWS\System32\cfgmgr32.dll
0x00007ffc05510000 - 0x00007ffc0551f000 	C:\Program Files\Java\jdk-10.0.1\bin\verify.dll
0x00007ffc06830000 - 0x00007ffc069f9000 	C:\WINDOWS\SYSTEM32\DBGHELP.DLL
0x00007ffc014a0000 - 0x00007ffc014c9000 	C:\WINDOWS\SYSTEM32\dbgcore.DLL
0x00007ffbfc9a0000 - 0x00007ffbfc9c7000 	C:\Program Files\Java\jdk-10.0.1\bin\java.dll
0x00007ffbf1df0000 - 0x00007ffbf1e26000 	C:\Program Files\Java\jdk-10.0.1\bin\jdwp.dll
0x00007ffbfa2b0000 - 0x00007ffbfa2da000 	C:\Program Files\Java\jdk-10.0.1\bin\instrument.dll
0x00007ffbfdfe0000 - 0x00007ffbfdff6000 	C:\Program Files\Java\jdk-10.0.1\bin\zip.dll
0x00007ffc04c60000 - 0x00007ffc04c6a000 	C:\Program Files\Java\jdk-10.0.1\bin\jimage.dll
0x00007ffc091a0000 - 0x00007ffc0a5e0000 	C:\WINDOWS\System32\SHELL32.dll
0x00007ffc08f30000 - 0x00007ffc08fd9000 	C:\WINDOWS\System32\shcore.dll
0x00007ffc085d0000 - 0x00007ffc08cdd000 	C:\WINDOWS\System32\windows.storage.dll
0x00007ffc0ad20000 - 0x00007ffc0ad71000 	C:\WINDOWS\System32\shlwapi.dll
0x00007ffc07db0000 - 0x00007ffc07dc1000 	C:\WINDOWS\System32\kernel.appcore.dll
0x00007ffc07e30000 - 0x00007ffc07e4f000 	C:\WINDOWS\System32\profapi.dll
0x00007ffc07dd0000 - 0x00007ffc07e1c000 	C:\WINDOWS\System32\powrprof.dll
0x00007ffc07e20000 - 0x00007ffc07e2a000 	C:\WINDOWS\System32\FLTLIB.DLL
0x00007ffbfdd40000 - 0x00007ffbfdd4a000 	C:\Program Files\Java\jdk-10.0.1\bin\dt_socket.dll
0x00007ffc07630000 - 0x00007ffc07696000 	C:\WINDOWS\system32\mswsock.dll
0x00007ffbfc800000 - 0x00007ffbfc81a000 	C:\Program Files\Java\jdk-10.0.1\bin\net.dll
0x00007ffbfbe40000 - 0x00007ffbfbf1d000 	C:\WINDOWS\SYSTEM32\WINHTTP.dll
0x00007ffbfb1e0000 - 0x00007ffbfb1f1000 	C:\Program Files\Java\jdk-10.0.1\bin\nio.dll

dbghelp: loaded successfully - version: 4.0.5 - missing functions: none
symbol engine: initialized successfully - sym options: 0x614 - pdb path: .;C:\Program Files\Java\jdk-10.0.1\bin;C:\WINDOWS\SYSTEM32;C:\WINDOWS\WinSxS\amd64_microsoft.windows.common-controls_6595b64144ccf1df_6.0.17134.472_none_fb3f9af53068156d;C:\Program Files\Java\jdk-10.0.1\bin\server

VM Arguments:
jvm_args: -agentlib:jdwp=transport=dt_socket,address=127.0.0.1:55379,suspend=y,server=n -javaagent:C:\Users\79441\AppData\Local\Temp\capture5106jars\debugger-agent.jar=file:/C:/Users/79441/AppData/Local/Temp/capture.props -Dfile.encoding=UTF-8 
java_command: IForest
java_class_path (initial): C:\Users\79441\Desktop\algorithm1\out\production\algorithm1;C:\Users\79441\Desktop\algorithm1\src\lib\javacsv-2.0.jar;C:\Program Files\JetBrains\IntelliJ IDEA 2018.1.5\lib\idea_rt.jar
Launcher Type: SUN_STANDARD

Logging:
Log output configuration:
#0: stdout all=warning uptime,level,tags
#1: stderr all=off uptime,level,tags

Environment Variables:
JAVA_HOME=C:\Program Files\Java\jdk-10.0.1
CLASSPATH=.;C:\Program Files\Java\jdk-10.0.1\lib;C:\Program Files\Java\jdk-10.0.1\lib\tools.jar.;C:\Program Files (x86)\scala\bin;C:\Program Files (x86)\scala\lib\dt.jar;C:\Program Files (x86)\scala\lib\tools.jar.;
PATH=C:\Program Files (x86)\Common Files\Oracle\Java\javapath;C:\Program Files (x86)\Intel\iCLS Client\;C:\Program Files\Intel\iCLS Client\;C:\Windows\system32;C:\Windows;C:\Windows\System32\Wbem;C:\Windows\System32\WindowsPowerShell\v1.0\;C:\Program Files (x86)\Intel\Intel(R) Management Engine Components\DAL;C:\Program Files\Intel\Intel(R) Management Engine Components\DAL;C:\Program Files (x86)\Intel\Intel(R) Management Engine Components\IPT;C:\Program Files\Intel\Intel(R) Management Engine Components\IPT;C:\Program Files (x86)\NVIDIA Corporation\PhysX\Common;C:\Program Files\nodejs\;C:\WINDOWS\system32;C:\WINDOWS;C:\WINDOWS\System32\Wbem;C:\WINDOWS\System32\WindowsPowerShell\v1.0\;C:\Program Files\Git\cmd;C:\Program Files\Java\jdk-10.0.1\bin;C:\Program Files\Java\jdk-10.0.1\jre\bin;D:\mysql-8.0.11-winx64\bin;C:\WINDOWS\System32\OpenSSH\;C:\Program Files\Microsoft VS Code\bin;C:\Program Files\apache-maven-3.5.4\bin;"C:\WINDOWS\system32;C:\WINDOWS;C:\WINDOWS\System32\Wbem;";D:\hadoop-2.8.5\bin;C:\Program Files (x86)\scala\bin;C:\Program Files (x86)\scala\bin;C:\Program Files (x86)\scala\jre\bin;C:\Users\79441\AppData\Local\Microsoft\WindowsApps;C:\Users\79441\AppData\Roaming\npm;C:\Program Files\Microsoft VS Code\bin;C:\Program Files\apache-maven-3.5.4;
USERNAME=79441
OS=Windows_NT
PROCESSOR_IDENTIFIER=Intel64 Family 6 Model 142 Stepping 10, GenuineIntel



---------------  S Y S T E M  ---------------

OS: Windows 10 , 64 bit Build 17134 (10.0.17134.1)

CPU:total 8 (initial active 8) (4 cores per cpu, 2 threads per core) family 6 model 142 stepping 10, cmov, cx8, fxsr, mmx, sse, sse2, sse3, ssse3, sse4.1, sse4.2, popcnt, avx, avx2, aes, clmul, erms, 3dnowpref, lzcnt, ht, tsc, tscinvbit, bmi1, bmi2, adx, fma

Memory: 4k page, physical 8295652k(3364940k free), swap 16902352k(3180692k free)

vm_info: Java HotSpot(TM) 64-Bit Server VM (10.0.1+10) for windows-amd64 JRE (10.0.1+10), built on Mar 27 2018 02:27:48 by "mach5one" with MS VC++ 12.0 (VS2013)

END.
